[    0.000000] Initializing cgroup subsys cpuset
[    0.000000] Initializing cgroup subsys cpu
[    0.000000] Initializing cgroup subsys cpuacct
[    0.000000] Linux version 4.4.0-157-generic (buildd@lgw01-amd64-037) (gcc version 5.4.0 20160609 (Ubuntu 5.4.0-6ubuntu1~16.04.10) ) #185-Ubuntu SMP Tue Jul 23 09:17:01 UTC 2019 (Ubuntu 4.4.0-157.185-generic 4.4.181)
[    0.000000] Command line: BOOT_IMAGE=/boot/vmlinuz-4.4.0-157-generic root=LABEL=cloudimg-rootfs ro console=tty1 console=ttyS0
[    0.000000] KERNEL supported cpus:
[    0.000000]   Intel GenuineIntel
[    0.000000]   AMD AuthenticAMD
[    0.000000]   Centaur CentaurHauls
[    0.000000] x86/fpu: xstate_offset[2]:  576, xstate_sizes[2]:  256
[    0.000000] x86/fpu: Supporting XSAVE feature 0x01: 'x87 floating point registers'
[    0.000000] x86/fpu: Supporting XSAVE feature 0x02: 'SSE registers'
[    0.000000] x86/fpu: Supporting XSAVE feature 0x04: 'AVX registers'
[    0.000000] x86/fpu: Enabled xstate features 0x7, context size is 832 bytes, using 'standard' format.
[    0.000000] e820: BIOS-provided physical RAM map:
[    0.000000] BIOS-e820: [mem 0x0000000000000000-0x000000000009fbff] usable
[    0.0000] BIOS-e820: [mem 0x000000000009fc00-0x000000000009ffff] reserve
[    0.000000] BIOS-e820: [mem 0x00000000000f0000-0x00000000000fffff] reserved
[    0.000000] BIOS-e820: [mem 0x0000000000100000-0x000000003ffeffff] usable
[    0.000000] BIOS-e820: [mem 0x000000003fff0000-0x000000003fffffff] ACPI data
[    0.000000] BIOS-e820: [mem 0x00000000fec00000-0x00000000fec00fff] reserved
[    0.000000] BIOS-e820: [mem 0x00000000fee00000-0x00000000fee00fff] reserved
[    000000] BIOS-e820: [mem 0x00000000fffc0000-0x00000000ffffffff] reserved
[    0.0000] NX (Execute Disable) protection: active
[    0.000000] SMBIOS 2.5 present.
[    0.000000] Hypervisor detected: KVM
[    0.000000] e820: last_pfn = 0x3fff0 max_arch_pfn = 0x400000000
[    0.000000] MTRR: Disabled
[    0.000000] x86/PAT: MTRRs disabled, skipping PAT initialization too.
[    0.000000] CPU MTRRs all blank - virtualized system.
[    0.000000] x86/PAT: Configuration [0-7]: WB  WT  UC- UC  WB  WT  UC- UC  
[    0.000000] found SMP MP-table at [mem 0x0009fff0-0x0009ffff] mapped at [ffff88000009fff0]
[    0.000000] Scanning 1 areas for low memory corruption
[    0.000000] RAMDISK: [mem 0x362fc000-0x37175fff]
[    0.000000] ACPI: Early table checksum verification disabled
[    0.000000] ACPI: RSDP 0x00000000000E0000 000024 (v02 VBOX  )
[    0.000000] ACPI: XSDT 0x000000003FFF0030 00003C (v01 VBOX   VBOXXSDT 00000001 ASL  00000061)
[    0.000000] ACPI: FACP 0x000000003FFF00F0 0000F4 (v04 VBOX   VBOXFACP 00000001 ASL  00000061)
[    0.000000] ACPI: DSDT 0x000000003FFF0470 0021FF (v02 VBOX   VBOXBIOS 00000002 INTL 20180105)
[    0.000000] ACPI: FACS 0x000000003FFF0200 000040
[    0.000000] ACPI: FACS 0x000000003FFF0200 000040
[    0.000000] ACPI: APIC 0x000000003FFF0240 00005C (v02 VBOX   VBOXAPIC 00000001 ASL  00000061)
[    0.000000] ACPI: SSDT 0x000000003FFF02A0 0001CC (v01 VBOX   VBOXCPUT 00000002 INTL 20180105)
[    0.000000] No NUMA configuration fond
[  0.000] Faking a node at [mem 0x0000000000000000-0x000000003ffeffff]
[    0.000000] NODE_DATA(0) allocated [mem 0x3eb000-0x3ffeffff]
[    0.000000] kvm-clock: Using msrs 4b564d01 and 4b564d00
[    0.000000] kvm-clock: cpu 0, msr 0:3ffe3001, primary cpu clock
[    0.000000] kvm-clock: using sched offset of 3191498422 cycles
[    0.000000] clocksource: kvm-clock: mask: 0xffffffffffffffff max_cycles: 0x1cd42e4dffb, max_idle_ns: 881590591483 ns
[    0.000000] Zone ranges:
[    0.000000]   DMA      [mem 0x0000000000001000-0x0000000000ffffff]
[    0.000000]   DMA32    [mem 0x0000000001000000-0x000000003ffeffff]
[    0.000000]   Normal   empty
[    0.000000]   Device   empty
[    0.000000] Movable zone start for each node
[    0.000000] Early memory node ranges
[    0.000000]   node   0: [mem 0x0000000000001000-0x000000000009efff]
[    0.000000]   node   0: [mem 0x0000000000100000-0x000000003ffeffff]
[    0.000000] Initmem setup node 0 [mem 0x0000000000001000-0x000000003ffeffff]
[    0.000000] ACPI: PM-Timer IO Port: 0x4008
[    0.000000] IOAPIC[0]: apic_id 2, version 32, address 0xfec00000, GSI 0-23
[    0.000000] ACPI: INT_SRC_OVR (bus 0 bus_irq 0 global_irq 2 dfl dfl)
[    0.000000] ACPI: INT_SRC_OVR (bus 0 bus_irq 9 global_irq 9 low level)
[    0.000000] Using ACPI (MADT) for SMP configuration information
[    0.000000] smpboot: Allowing 2 CPUs, 0 hotplug CPUs
[   0.000000] PM: Registered nosave memory: [mem 0x00000000-0x00000fff]
[    0.000000] PM: Registered nosave memory: [mem 0x0009f000-0x0009ffff]
[    0.000000] PM: Registered nosave memory: [mem 0x000a0000-0x000effff]
[    0.000000] PM: Registered nosavve memory: [mem 0x000f0000-0x000fffff]
[    0.000000] e820: [mem 0x40000000-0xfebfffff] available for PCI devices
[    0.000000] Booting paravirtualized kernel on KVM
[    0.000000] clocksource: refined-jiffies: mask: 0xffffffff max_cycles: 0xffffffff, max_idle_ns: 7645519600211568 ns
[    0.000000] setup_percpu: NR_CPUS:512 nr_cpumask_bits:512 nr_cpu_ids:2 nr_node_ids:1
[    0.000000] PERCPU: Embedded 34 pages/cpu @ffff88003fc00000 s99544 r8192 d31528 u1048576
[    0.000000] Built 1 zonelists in Node order, mobility grouping on.  Total pages: 257912
[    0.000000] Policy zone: DMA32
[    0.000000] Kernel command line: BOOT_IMAGE=/boot/vmlinuz-4.4.0-157-generic root=LABEL=cloudimg-rootfs ro console=tty1 console=ttyS0
[    0.000000] PID hash table entries: 4096 (order: 3, 32768 bytes)
[    0.000000] Memory: 997736K/1048120K available (8618K kernel code, 1335K rwdata, 4032K rodata, 1484K init, 1284K bss, 50384K reserved, 0K cma-reserved)
[    0.000000] SLUB: HWalign=64, Order=0-3, MinObjects=0, CPUs=2, Nodes=1
[    0.000000] Kernel/User page tables isolation: enabled
[    0.000000] Hierarchical RCU implementation.
[    0.000000] 	Build-time adjustment of leaf fanout to 64.
[    0.000000] 	RCU restricting CPUs from NR_CPUS=512 to nr_cpu_ids=2.
[    0.000000] RCU: Adjusting geometry for rcu_fanout_leaf=64, nr_cpu_ids=2
[    0.000000] NR_IRQS:33024 nr_irqs:440 16
[    0.000000] Console: colour VGA+ 80x25
[    0.000000] console [tty1] enabled
[    0.000000] console [ttyS0] enabled
[    0.000000] tsc: Detected 2207.998 MHz processor
[    0.435302] Calibrating delay loop (skipped) preset value.. 4415.99 BogoMIPS (lpj=8831992)
[    0.436792] pid_max: default: 32768 minimum: 301
[    0.437695] ACPI: Core revision 20150930
[    0.439211] ACPI: 2 ACPI AML tables successfully acquired and loaded
[    0.440460] Security Framework initialized
[    0.441237] Yama: becoming mindful.
[    0.441942] AppArmor: AppArmor initialized
[    0.442799] Dentry cache hash table entries: 131072 (order: 8, 1048576 bytes)
[    0.444547] Inode-cache hash table entries: 65536 (order: 7, 524288 bytes)
[    0.445785] Mount-cache hash table entries: 2048 (order: 2, 16384 bytes)
[    0.446949] Mountpoint-cache hash table entries: 2048 (order: 2, 16384 bytes)
[    0.448274] Initializing cgroup subsys io
[    0.449053] Initializing cgroup subsys memory
[    0.449871] Initializing cgroup subsys devices
[    0.450715] Initializing cgroup subsys freezer
[    0.451542] Initializing cgroup subsys net_cls
[    0.452369] Initializing cgroup subsys perf_event
[    0.453233] Initializing cgroup subsys net_prio
[    0.459395] Initializing cgroup subsys hugetlb
[    0.460247] Initializing cgroup subsys pids
[    0.462139] mce: CPU supports 0 MCE banks
[    0.462936] Last level iTLB entries: 4KB 64, 2MB 8, 4MB 8
[    0.463894] Last level dTLB entries: 4KB 64, 2MB 0, 4MB 0, 1GB 4
[    0.464972] Spectre V2 : Mitigation: Full generic retpoline
[    0.465953] Spectre V2 : Spectre v2 / SpectreRSB mitigation: Filling RSB on context switch
[    0.467484] Speculative Store Bypass: Vulnerable
[    0.474097] MDS: Vulnerable: Clear CPU buffers attempted, no microcode
[    0.477359] Freeing SMP alternatives memory: 36K
[    0.482622] ftrace: allocating 32312 entries in 127 pages
[    0.529014] smpboot: APIC(0) Converting physical 0 to logical package 0
[    0.530196] smpboot: Max logical packages: 1
[    0.531225] x2apic enabled
[    0.531997] Switched APIC routing to physical x2apic.
[    0.533820] ..TIMER: vector=0x30 apic1=0 pin1=2 apic2=-1 pin2=-1
[    0.642447] smpboot: CPU0: Intel(R) Core(TM) i5-7260U CPU @ 2.20GHz (family: 0x6, model: 0x8e, stepping: 0x9)
[    0.644370] Performance Events: unsupported p6 CPU model 142 no PMU driver, software events only.
[    0.654470] KVM setup paravirtual spinlock
[    0.655942] x86: Booting SMP configuration:
[    0.656732] .... node  #0, CPUs:      #1
[    0.657573] kvm-clock: cpu 1, msr 0:3ffe3041, secondary cpu clock
[    0.660031] mce: CPU supports 0 MCE banks
[    0.662549] x86: Booted up 1 node, 2 CPUs
[    0.664443] smpboot: Total of 2 processors activated (8831.99 BogoMIPS)
[    0.665666] devtmpfs: initialized
[    0.667920] evm: security.selinux
[    0.668497] evm: security.SMACK64
[    0.669070] evm: security.SMACK64EXEC
[    0.669685] evm: security.SMACK64TRANSMUTE
[    0.670424] evm: security.SMACK64MMAP
[    0.671084] evm: security.ima
[    0.671612] evm: security.capability
[    0.672414] clocksource: jiffies: mask: 0xffffffff max_cycles: 0xffffffff, max_idle_ns: 7645041785100000 ns
[    0.673843] futex hash table entries: 512 (order: 3, 32768 bytes)
[    0.674837] pinctrl core: initialized pinctrl subsystem
[    0.675699] RTC time:  8:39:23, date: 08/01/19
[    0.676531] NET: Registered protocol family 16
[    0.686983] cpuidle: using governor ladder
[    0.714964] cpuidle: using governor menu
[    0.722595] PCCT header not found.
[    0.723246] ACPI: bus type PCI registered
[    0.723889] acpiphp: ACPI Hot Plug PCI Controller Driver version: 0.5
[    0.724899] PCI: Using configuration type 1 for base access
[    0.735542] ACPI: Added _OSI(Module Device)
[    0.736238] ACPI: Added _OSI(Processor Device)
[    0.739563] ACPI: Added _OSI(3.0 _SCP Extensions)
[    0.740433] ACPI: Added _OSI(Processor Aggregator Device)
[    0.741940] ACPI: Executed 1 blocks of module-level executable AML code
[    0.744775] ACPI: Interpreter enabled
[    0.745514] ACPI: (supports S0 S5)
[    0.746195] ACPI: Using IOAPIC for interrupt routing
[    0.747254] PCI: Using host bridge windows from ACPI; if necessary, use "pci=nocrs" and report a bug
[    0.751651] ACPI: PCI Root Bridge [PCI0] (domain 0000 [bus 00-ff])
[    0.752560] acpi PNP0A03:00: _OSC: OS supports [ASPM ClockPM Segments MSI]
[    0.753642] acpi PNP0A03:00: _OSC: not requesting OS control; OS requires [ExtendedConfig ASPM ClockPM MSI]
[    0.755108] acpi PNP0A03:00: fail to add MMCONFIG information, can't access extended PCI configuration space under this bridge.
[    0.756943] PCI host bridge to bus 0000:00
[    0.757593] pci_bus 0000:00: root bus resource [io  0x0000-0x0cf7 window]
[    0.758526] pci_bus 0000:00: root bus resource [io  0x0d00-0xffff window]
[    0.759631] pci_bus 0000:00: root bus resource [mem 0x000a0000-0x000bffff window]
[    0.761045] pci_bus 0000:00: root bus resource [mem 0x40000000-0xfdffffff window]
[    0.762465] pci_bus 0000:00: root bus resource [bus 00-ff]
[    0.764749] pci 0000:00:01.1: legacy IDE quirk: reg 0x10: [io  0x01f0-0x01f7]
[    0.765938] pci 0000:00:01.1: legacy IDE quirk: reg 0x14: [io  0x03f6]
[    0.767036] pci 0000:00:01.1: legacy IDE quirk: reg 0x18: [io  0x0170-0x0177]
[    0.768241] pci 0000:00:01.1: legacy IDE quirk: reg 0x1c: [io  0x0376]
[    0.782924] pci 0000:00:07.0: quirk: [io  0x4000-0x403f] claimed by PIIX4 ACPI
[    0.792480] pci 0000:00:07.0: quirk: [io  0x4100-0x410f] claimed by PIIX4 SMB
[    0.798576] ACPI: PCI Interrupt Link [LNKA] (IRQs 5 9 10 *11)
[    0.800121] ACPI: PCI Interrupt Link [LNKB] (IRQs 5 9 *10 11)
[    0.801495] ACPI: PCI Interrupt Link [LNKC] (IRQs 5 *9 10 11)
[    0.802928] ACPI: PCI Interrupt Link [LNKD] (IRQs 5 9 10 *11)
[    0.834996] ACPI: Enabled 2 GPEs in block 00 to 07
[    0.841447] vgaarb: setting as boot device: PCI:0000:00:02.0
[    0.842270] vgaarb: device added: PCI:0000:00:02.0,decodes=io+mem,owns=io+mem,locks=none
[    0.843524] vgaarb: loaded
[    0.844028] vgaarb: bridge control possible 0000:00:02.0
[    0.845013] SCSI subsystem initialized
[    0.845729] ACPI: bus type USB registered
[    0.846388] usbcore: registered new interface driver usbfs
[    0.847202] usbcore: registered new interface driver hub
[    0.847995] usbcore: registered new device driver usb
[    0.848922] PCI: Using ACPI for IRQ routing
[    0.849806] NetLabel: Initializing
[    0.850380] NetLabel:  domain hash size = 128
[    0.851059] NetLabel:  protocols = UNLABELED CIPSOv4
[    0.852179] NetLabel:  unlabeled traffic allowed by default
[    0.853300] amd_nb: Cannot enumerate AMD northbridges
[    0.859476] clocksource: Switched to clocksource kvm-clock
[    0.865314] AppArmor: AppArmor Filesystem Enabled
[    0.866125] pnp: PnP ACPI init
[    0.867253] pnp: PnP ACPI: found 3 devices
[    0.875966] clocksource: acpi_pm: mask: 0xffffff max_cycles: 0xffffff, max_idle_ns: 2085701024 ns
[    0.877358] NET: Registered protocol family 2
[    0.878174] TCP established hash table entries: 8192 (order: 4, 65536 bytes)
[    0.879154] TCP bind hash table entries: 8192 (order: 5, 131072 bytes)
[    0.880139] TCP: Hash tables configured (established 8192 bind 8192)
[    0.881044] UDP hash table entries: 512 (order: 2, 16384 bytes)
[    0.881891] UDP-Lite hash table entries: 512 (order: 2, 16384 bytes)
[    0.882806] NET: Registered protocol family 1
[    0.883495] pci 0000:00:00.0: Limiting direct PCI/PCI transfers
[    0.884372] pci 0000:00:01.0: Activating ISA DMA hang workarounds
[    0.885342] Unpacking initramfs...
[    1.064040] Freeing initrd memory: 14824K
[    1.064920] clocksource: tsc: mask: 0xffffffffffffffff max_cycles: 0x1fd3b6211b4, max_idle_ns: 440795230313 ns
[    1.066699] platform rtc_cmos: registered platform RTC device (no PNP device found)
[    1.068198] Scanning for low memory corruption every 60 seconds
[    1.069698] audit: initializing netlink subsys (disabled)
[    1.102308] audit: type=2000 audit(1564648767.909:1): initialized
[    1.223011] Initialise system trusted keyring
[    1.223934] HugeTLB registered 2 MB page size, pre-allocated 0 pages
[    1.226300] zbud: loaded
[    1.229038] VFS: Disk quotas dquot_6.6.0
[    1.232789] VFS: Dquot-cache hash table entries: 512 (order 0, 4096 bytes)
[    1.502760] squashfs: version 4.0 (2009/01/31) Phillip Lougher
[    1.503992] fuse init (API version 7.23)
[    1.504782] Key type big_key registered
[    1.505431] Allocating IMA MOK and blacklist keyrings.
[    1.506987] Key type asymmetric registered
[    1.507653] Asymmetric key parser 'x509' registered
[    1.508457] Block layer SCSI generic (bsg) driver version 0.4 loaded (major 249)
[    1.509685] io scheduler noop registered
[    1.510326] io scheduler deadline registered (default)
[    1.511122] io scheduler cfq registered
[    1.511826] pci_hotplug: PCI Hot Plug PCI Core version: 0.5
[    1.512707] pciehp: PCI Express Hot Plug Controller Driver version: 0.4
[    1.513735] ACPI: AC Adapter [AC] (on-line)
[    1.514479] input: Power Button as /devices/LNXSYSTM:00/LNXPWRBN:00/input/input0
[    1.515700] ACPI: Power Button [PWRF]
[    1.516392] input: Sleep Button as /devices/LNXSYSTM:00/LNXSLPBN:00/input/input1
[    1.517570] ACPI: Sleep Button [SLPF]
[    1.518323] GHES: HEST is not enabled!
[    1.519037] Serial: 8250/16550 driver, 32 ports, IRQ sharing enabled
[    1.541815] 00:02: ttyS0 at I/O 0x3f8 (irq = 4, base_baud = 115200) is a 16550A
[    1.544196] Linux agpgart interface v0.103
[    1.546555] loop: module loaded
[    1.547724] scsi host0: ata_piix
[    1.548550] scsi host1: ata_piix
[    1.549238] ata1: PATA max UDMA/33 cmd 0x1f0 ctl 0x3f6 bmdma 0xd000 irq 14
[    1.550407] ata2: PATA max UDMA/33 cmd 0x170 ctl 0x376 bmdma 0xd008 irq 15
[    1.551851] libphy: Fixed MDIO Bus: probed
[    1.552647] tun: Universal TUN/TAP device driver, 1.6
[    1.553611] tun: (C) 1999-2004 Max Krasnyansky <maxk@qualcomm.com>
[    1.558031] PPP generic driver version 2.4.2
[    1.558905] ehci_hcd: USB 2.0 'Enhanced' Host Controller (EHCI) Driver
[    1.560056] ehci-pci: EHCI PCI platform driver
[    1.560901] ehci-platform: EHCI generic platform driver
[    1.561844] ohci_hcd: USB 1.1 'Open' Host Controller (OHCI) Driver
[    1.562929] ohci-pci: OHCI PCI platform driver
[    1.563789] ohci-platform: OHCI generic platform driver
[    1.564773] uhci_hcd: USB Universal Host Controller Interface driver
[    1.565919] i8042: PNP: PS/2 Controller [PNP0303:PS2K,PNP0f03:PS2M] at 0x60,0x64 irq 1,12
[    1.567902] serio: i8042 KBD port at 0x60,0x64 irq 1
[    1.568817] serio: i8042 AUX port at 0x60,0x64 irq 12
[    1.569834] mousedev: PS/2 mouse device common for all mice
[    1.584911] input: AT Translated Set 2 keyboard as /devices/platform/i8042/serio0/input/input2
[    1.586595] rtc_cmos rtc_cmos: rtc core: registered rtc_cmos as rtc0
[    1.603015] rtc_cmos rtc_cmos: alarms up to one day, 114 bytes nvram
[    1.604232] i2c /dev entries driver
[    1.604987] device-mapper: uevent: version 1.0.3
[    1.605904] device-mapper: ioctl: 4.34.0-ioctl (2015-10-28) initialised: dm-devel@redhat.com
[    1.607463] ledtrig-cpu: registered to indicate activity on CPUs
[    1.608847] NET: Registered protocol family 10
[    1.609847] NET: Registered protocol family 17
[    1.610693] Key type dns_resolver registered
[    1.611671] registered taskstats version 1
[    1.612500] Loading compiled-in X.509 certificates
[    1.613851] Loaded X.509 cert 'Build time autogenerated kernel key: 3e01e6df98386236d59670e6b2ed19a044d5324e'
[    1.615647] zswap: loaded using pool lzo/zbud
[    1.618128] Key type trusted registered
[    1.621798] Key type encrypted registered
[    1.622492] AppArmor: AppArmor sha1 policy hashing enabled
[    1.623294] ima: No TPM chip found, activating TPM-bypass!
[    1.624163] ima: Allocated hash algorithm: sha1
[    1.624873] evm: HMAC attrs: 0x1
[    1.625673]   Magic number: 15:66:674
[    1.626351] rtc_cmos rtc_cmos: setting system clock to 2019-08-01 08:39:24 UTC (1564648764)
[    1.627734] BIOS EDD facility v0.16 2004-Jun-25, 0 devices found
[    1.628606] EDD information not available.
[    1.714823] Freeing unused kernel memory: 1484K
[    1.734407] Write protecting the kernel read-only data: 14336k
[    1.738627] Freeing unused kernel memory: 1612K
[    1.882470] Freeing unused kernel memory: 64K
Loading, please wait...
starting version 229
[    1.894354] random: systemd-udevd: uninitialized urandom read (16 bytes read, 3 bits of entropy available)
[    1.895163] random: udevadm: uninitialized urandom read (16 bytes read, 3 bits of entropy available)
[    1.895188] random: udevadm: uninitialized urandom read (16 bytes read, 3 bits of entropy available)
[    1.898691] random: systemd-udevd: uninitialized urandom read (16 bytes read, 3 bits of entropy available)
[    1.900170] random: systemd-udevd: uninitialized urandom read (16 bytes read, 3 bits of entropy available)
[    1.901634] random: systemd-udevd: uninitialized urandom read (16 bytes read, 3 bits of entropy available)
[    1.902794] random: udevadm: uninitialized urandom read (16 bytes read, 3 bits of entropy available)
[    1.902841] random: udevadm: uninitialized urandom read (16 bytes read, 3 bits of entropy available)
[    1.902958] random: udevadm: uninitialized urandom read (16 bytes read, 3 bits of entropy available)
[    1.902998] random: udevadm: uninitialized urandom read (16 bytes read, 3 bits of entropy available)
[    1.941869] e1000: Intel(R) PRO/1000 Network Driver - version 7.3.21-k8-NAPI
[    1.942917] e1000: Copyright (c) 1999-2006 Intel Corporation.
[    1.945721] Fusion MPT base driver 3.04.20
[    1.946398] Copyright (c) 1999-2008 LSI Corporation
[    1.954039] Fusion MPT SPI Host driver 3.04.20
[    1.977106] AVX2 version of gcm_enc/dec engaged.
[    1.978030] AES CTR mode by8 optimization enabled
[    2.155476] input: ImExPS/2 Generic Explorer Mouse as /devices/platform/i8042/serio1/input/input4
[    2.299937] e1000 0000:00:03.0 eth0: (PCI:33MHz:32-bit) 02:c2:66:bb:16:6d
[    2.852369] e1000 0000:00:03.0 eth0: Intel(R) PRO/1000 Network Connection
[    2.854678] e1000 0000:00:03.0 enp0s3: renamed from eth0
[    2.855749] mptbase: ioc0: Initiating bringup
[    2.932522] ioc0: LSI53C1030 A0: Capabilities={Initiator}
[    3.697862] scsi host2: ioc0: LSI53C1030 A0, FwRev=00000000h, Ports=1, MaxQ=256, IRQ=20
[    4.023358] scsi 2:0:0:0: Direct-Access     VBOX     HARDDISK         1.0  PQ: 0 ANSI: 5
[    4.699975] scsi target2:0:0: Beginning Domain Validation
[    4.763320] scsi target2:0:0: Domain Validation skipping write tests
[    4.764423] scsi target2:0:0: Ending Domain Validation
[    4.765377] scsi target2:0:0: asynchronous
[    4.766426] scsi 2:0:1:0: Direct-Access     VBOX     HARDDISK         1.0  PQ: 0 ANSI: 5
[    4.767952] scsi target2:0:1: Beginning Domain Validation
[    4.769706] scsi target2:0:1: Domain Validation skipping write tests
[    4.776081] scsi target2:0:1: Ending Domain Validation
[    4.777048] scsi target2:0:1: asynchronous
[    4.781840] sd 2:0:0:0: [sda] 20971520 512-byte logical blocks: (10.7 GB/10.0 GiB)
[    4.781914] sd 2:0:0:0: Attached scsi generic sg0 type 0
[    4.783899] sd 2:0:1:0: Attached scsi generic sg1 type 0
[    4.784039] sd 2:0:1:0: [sdb] 20480 512-byte logical blocks: (10.5 MB/10.0 MiB)
[    4.784154] sd 2:0:1:0: [sdb] Write Protect is off
[    4.784221] sd 2:0:1:0: [sdb] Incomplete mode parameter data
[    4.784222] sd 2:0:1:0: [sdb] Assuming drive cache: write through
[    4.785796] sd 2:0:1:0: [sdb] Attached SCSI disk
[    4.847119] sd 2:0:0:0: [sda] Write Protect is off
[    4.848010] sd 2:0:0:0: [sda] Incomplete mode parameter data
[    4.848840] sd 2:0:0:0: [sda] Assuming drive cache: write through
[    4.850823]  sda: sda1
[    4.851785] sd 2:0:0:0: [sda] Attached SCSI disk
Begin: Loading e[    6.174598] md: linear personality registered for level -1
ssential drivers[    6.254738] md: multipath personality registered for level -4
 ... [    6.258787] md: raid0 personality registered for level 0
[    6.262447] md: raid1 personality registered for level 1
[    6.331760] raid6: sse2x1   gen() 11750 MB/s
[    6.403803] raid6: sse2x1   xor()  8553 MB/s
[    6.471751] raid6: sse2x2   gen() 14127 MB/s
[    6.540706] raid6: sse2x2   xor() 10138 MB/s
[    6.616687] raid6: sse2x4   gen() 15851 MB/s
[    6.701723] raid6: sse2x4   xor() 10078 MB/s
[    7.131703] raid6: avx2x1   gen() 25505 MB/s
[    7.491719] raid6: avx2x2   gen() 28040 MB/s
[    7.751687] raid6: avx2x4   gen() 24049 MB/s
[    7.752415] raid6: using algorithm avx2x2 gen() 28040 MB/s
[    7.753285] raid6: using avx2x2 recovery algorithm
[    7.755107] xor: automatically using best checksumming function:
[    7.795528]    avx       : 25576.000 MB/sec
[    7.797480] async_tx: api initialized (async)
[    7.805538] md: raid6 personality registered for level 6
[    7.806422] md: raid5 personality registered for level 5
[    7.807220] md: raid4 personality registered for level 4
[    7.812956] md: raid10 personality registered for level 10
done.
Begin: Running /scripts/init-premount ... done.
Begin: Mounting root file system ... Begin: Running /scripts/local-to[    7.840311] Btrfs loaded
p ... done.
Begin: Running /scr[    7.879151] EXT4-fs (sda1): mounted filesystem with ordered data mode. Opts: (null)
ipts/local-premount ... Scanning for Btrfs filesystems
done.
Warning: fsck not present, so skipping root file system
done.
Begin: Running /scripts/local-bottom ... done.
Begin: Running /scripts/init-bottom ... done.
[    7.995933] systemd[1]: systemd 229 running in system mode. (+PAM +AUDIT +SELINUX +IMA +APPARMOR +SMACK +SYSVINIT +UTMP +LIBCRYPTSETUP +GCRYPT +GNUTLS +ACL +XZ -LZ4 +SECCOMP +BLKID +ELFUTILS +KMOD -IDN)
[    7.998527] systemd[1]: Detected virtualization oracle.
[    7.999312] systemd[1]: Detected architecture x86-64.

Welcome to [1mUbuntu 16.04.6 LTS[0m!

[    8.002674] systemd[1]: Set hostname to <ubuntu>.
[    8.005388] systemd[1]: Initializing machine ID from random generator.
[    8.006434] systemd[1]: Installed transient /etc/machine-id file.
[    8.140434] systemd[1]: Listening on Journal Audit Socket.
[[0;32m  OK  [0m] Listening on Journal Audit Socket.
[    8.192790] systemd[1]: Started Forward Password Requests to Wall Directory Watch.
[[0;32m  OK  [0m] Started Forward Password Requests to Wall Directory Watch.
[    8.195173] systemd[1]: Listening on udev Control Socket.
[[0;32m  OK  [0m] Listening on udev Control Socket.
[    8.196872] systemd[1]: Listening on LVM2 metadata daemon socket.
[[0;32m  OK  [0m] Listening on LVM2 metadata daemon socket.
[    8.198711] systemd[1]: Listening on Journal Socket (/dev/log).
[[0;32m  OK  [0m] Listening on Journal Socket (/dev/log).
[    8.200475] systemd[1]: Reached target Encrypted Volumes.
[[0;32m  OK  [0m] Reached target Encrypted Volumes.
[    8.202153] systemd[1]: Listening on LVM2 poll daemon socket.
[[0;32m  OK  [0m] Listening on LVM2 poll daemon socket.
[    8.338648] systemd[1]: Started Trigger resolvconf update for networkd DNS.
[[0;32m  OK  [0m] Started Trigger resolvconf update for networkd DNS.
[    8.340766] systemd[1]: Reached target Swap.
[[0;32m  OK  [0m] Reached target Swap.
[    8.342299] systemd[1]: Listening on /dev/initctl Compatibility Named Pipe.
[[0;32m  OK  [0m] Listening on /dev/initctl Compatibility Named Pipe.
[    8.344672] systemd[1]: Created slice User and Session Slice.
[[0;32m  OK  [0m] Created slice User and Session Slice.
[    8.346491] systemd[1]: Listening on Journal Socket.
[[0;32m  OK  [0m] Listening on Journal Socket.
[    8.348149] systemd[1]: Listening on Syslog Socket.
[[0;32m  OK  [0m] Listening on Syslog Socket.
[    8.349717] systemd[1]: Reached target System Time Synchronized.
[[0;32m  OK  [0m] Reached target System Time Synchronized.
[    8.351490] systemd[1]: Reached target User and Group Name Lookups.
[[0;32m  OK  [0m] Reached target User and Group Name Lookups.
[    8.363292] systemd[1]: Created slice System Slice.
[[0;32m  OK  [0m] Created slice System Slice.
[    8.375790] systemd[1]: Starting Load Kernel Modules...
[    8.384620] Loading iSCSI transport class v2.0-870.
         Starting Load Kernel Mo[    8.390514] iscsi: registered transport (tcp)
dules...
[    8.401329] systemd[1]: Mounting Debug File System...
         Mounting Debug File System...
[    8.408431] systemd[1]: Starting Uncomplicated firewall...
         Starting Uncomplicated firewall...
[    8.410621] systemd[1]: Mounting Huge Pages File System...
         Mounting Huge Pages File System...
[    8.414787] systemd[1]: Starting Set console keymap...
         Starting Set console keymap...
[    8.417018] systemd[1]: Starting Remount Root and Kernel File Systems...
[    8.419740] EXT4-fs (sda1): re-mounted. Opts: (null)
         Starting Remount Root and Kernel File Systems...
[    8.439362] iscsi: registered transport (iser)
[    8.451826] systemd[1]: Starting Journal Service...
         Starting Journal Service...
[    8.503685] systemd[1]: Mounting POSIX Message Queue File System...
         Mounting POSIX Message Queue File System...
[    8.713956] systemd[1]: Starting Create list of required static device nodes for the current kernel...
         Starting Create list of required st... nodes for the current kernel...
[    8.734490] systemd[1]: Starting Nameserver information manager...
         Starting Nameserver information manager...
[    8.751871] systemd[1]: Reached target Slices.
[[0;32m  OK  [0m] Reached target Slices.
[   8.754143] systemd[1]: Listening on Device-mapper event daemon FIFOs.
[[0;32m  OK  [0m] Listening on Device-mapper event daemon FIFOs.
[    8.811896] systemd[1]: Starting Monitoring of LVM2 mirrors, snapshots etc. using dmeventd or progress polling...
         Starting Monitoring of LVM2 mirrors... dmeventd or progress polling...
[    8.815301] systemd[1]: Created slice system-serial\x2dgetty.slice.
[[0;32m  OK  [0m] Created slice system-serial\x2dgetty.slice.
[    8.817594] systemd[1]: Listening on udev Kernel Socket.
[[0;32m  OK  [0m] Listening on udev Kernel Socket.
[    8.821511] systemd[1]: Set up automount Arbitrary Executable File Formats File System Automount Point.
[[0;32m  OK  [0m] Set up automount Arbitrary Executab...ats File System Automount Point.
[    8.832351] systemd[1]: Mounted Huge Pages File System.
[[0;32m  OK  [0m] Mounted Huge Pages File System.
[    8.834427] systemd[1]: Mounted Debug File System.
[[0;32m  OK  [0m] Mounted Debug File System.
[  882395] systemd[1]: Mounted POSIX Message Queue File System.

[[0;32m  OK  [0m] Mounted POSIX Message Queue File System.
[    8.987709] systemd[1]: Started Journal Service.
[[0;32m  OK  [0m] Started Journal Service.
[[0;32m  OK  [0m] Started Load Kernel Modules.
[[0;32m  OK  [0m] Started Uncomplicated firewall.
[[0;32m  OK  [0m] Started Set console keymap.
[    9.068644] random: nonblocking pool is initialized
[[0;32m  OK  [0m] Started Remount Root and Kernel File Systems.
[[0;32m  OK  [0m] Started Create list of required sta...ce nodes for the current kernel.
[[0;32m  OK  [0m] Started Nameserver information manager.
[[0;32m  OK  [0m] Started LVM2 metadata daemon.
         Starting Create Static Device Nodes in /dev...
         Starting udev Coldplug all Devices...
         Starting Load/Save Random Seed...
         Mounting FUSE Control File System...
         Starting Apply Kernel Variables...
         Starting Flush Journal to Persistent Storage...
[[0;32m  OK  [0m] Mounted FUSE Control File System.
[[0;32m  OK  [0m] Started Create Static Device Nodes in /dev.
[[0;32m  OK  [0m] Started Monitoring of LVM2 mirrors,...ng dmeventd or progress polling.
[[0;32m  OK  [0m] Started Load/Save Random Seed.
[[0;32m  OK  [0m] Started Apply Kernel Variables.
[[0;32m  OK  [0m] Started udev Coldplug all Devices.
[[0;32m  OK  [0m] Started Flush Journal to Persistent Storage.
[[0;32m  OK  [0m] Reached target Local File Systems (Pre).
[[0;32m  OK  [0m] Reached target Local File Systems.
         Starting LSB: AppArmor initialization...
         Starting Set console font and keymap...
         Starting Commit a transient machine-id on disk...
         Starting Tell Plymouth To Write Out Runtime Data...
         Starting Initial cloud-init job (pre-networking)...
         Starting Create Volatile Files and Directories...
         Starting udev Kernel Device Manager...
[[0;32m  OK  [0m] Started Create Volatile Files and Directories.
[[0;32m  OK  [0m] Started Tell Plymouth To Write Out Runtime Data.
[[0;32m  OK  [0m] Started Commit a transient machine-id on disk.
[[0;32m  OK  [0m] Started udev Kernel Device Manager.
[[0;32m  OK  [0m] Started Dispatch Password Requests to Console Directory Watch.
         Starting Update UTMP about System Boot/Shutdown...
[[0;32m  OK  [0m] Started Update UTMP about System Boot/Shutdown.
[[0;32m  OK  [0m] Found device /dev/ttyS0.
[[0;32m  OK  [0m] Listening on Load/Save RF Kill Switch Status /dev/rfkill Watch.
[[0;32m  OK  [0m] Started LSB: AppArmor initialization.
[    9.978951] cloud-init[472]: Cloud-init v. 19.1-1-gbaa47854-0ubuntu1~16.04.1 running 'init-local' at Thu, 01 Aug 2019 08:39:33 +0000. Up 9.65 seconds.
[[0;32m  OK  [0m] Started Initial cloud-init job (pre-networking).
[[0;32m  OK  [0m] Reached target Network (Pre).
         Starting Raise network interfaces...
[[0;32m  OK  [0m] Started Set console font and keymap.
[[0;32m  OK  [0m] Created slice system-getty.slice.
[[0;32m  OK  [0m] Started Raise network interfaces.
         Starting Initial cloud-init job (metadata service crawler)...
[[0;32m  OK  [0m] Reached target Network.
[   11.323564] cloud-init[943]: Cloud-init v. 19.1-1-gbaa47854-0ubuntu1~16.04.1 running 'init' at Thu, 01 Aug 2019 08:39:34 +0000. Up 10.71 seconds.
[   11.333138] cloud-init[943]: ci-info: ++++++++++++++++++++++++++++++++++++++Net device info++++++++++++++++++++++++++++++++++++++
[   11.334678] cloud-init[943]: ci-info: +--------+------+----------------------------+---------------+--------+-------------------+
[   11.336262] cloud-init[943]: ci-info: | Device |  Up  |          Address           |      Mask     | Scope  |     Hw-Address    |
[   11.337772] cloud-init[943]: ci-info: +--------+------+----------------------------+---------------+--------+-------------------+
[   11.339302] cloud-init[943]: ci-info: | enp0s3 | True |         10.0.2.15          | 255.255.255.0 | global | 02:c2:66:bb:16:6d |
[   11.341729] cloud-init[943]: ci-info: | enp0s3 | True | fe80::c2:66ff:febb:166d/64 |       .       |  link  | 02:c2:66:bb:16:6d |
[   11.343450] cloud-init[943]: ci-info: |   lo   | True |         127.0.0.1          |   255.0.0.0   |  host  |         .         |
[   11.345150] cloud-init[943]: ci-info: |   lo   | True |          ::1/128           |       .       |  host  |         .         |
[   11.346819] cloud-init[943]: ci-info: +--------+------+----------------------------+---------------+--------+-------------------+
[   11.348495] cloud-init[943]: ci-info: +++++++++++++++++++++++++++Route IPv4 info++++++++++++++++++++++++++++
[   11.349966] cloud-init[943]: ci-info: +-------+-------------+----------+---------------+-----------+-------+
[   11.351455] cloud-init[943]: ci-info: | Route | Destination | Gateway  |    Genmask    | Interface | Flags |
[   11.352999] cloud-init[943]: ci-info: +-------+-------------+----------+---------------+-----------+-------+
[   11.384262] [[0;32m  OK  [0m] Started Initial cloud-init job (metadata service crawler).
cloud-init[943]: ci-info: |   0   |   0.0.0.0   | 10.0.2.2 |    0.0.0.0    |   enp0s3  |   UG  |[[0;32m  OK  [0m] Reached target System Initialization.

[   11.408408] [[0;32m  OK  [0m] Started ACPI Events Check.
[[0;32m  OK  [0m] Reached target Paths.
         Starting Socket activation for snappy daemon.
[[0;32m  OK  [0m] Started Daily Cleanup of Temporary Directories.
[[0;32m  OK  [0m] Started Daily apt download activities.
[[0;32m  OK  [0m] Started Daily apt upgrade and clean activities.
[[0;32m  OK  [0m] Listening on D-Bus System Message Bus Socket.
cloud-init[943]: ci-info: |   1   |   10.0.2.0  | 0.0.0.0  | 255.255.255.0 |   enp0s3  |   U   |
[   11.466170]          Starting LXD - unix socket.
[[0;32m  OK  [0m] Reached target Timers.
[[0;32m  OK  [0m] Listening on ACPID Listen Socket.
[[0;32m  OK  [0m] Listening on UUID daemon activation socket.
[[0;32m  OK  [0m] Reached target Cloud-config availability.
[[0;32m  OK  [0m] Reached target Network is Online.
cloud-init[943]: ci-info: +-------+-------------+----------+---------------+-----------+-------+
[   11.471973] cloud-init[943]: ci-info: +++++++++++++++++++Route IPv6 info+++++++++++++++++++
[   11.473886] cloud-init[943]: ci-info: +-------+-------------+---------+-----------+-------+
[   11.487917]          Starting iSCSI initiator daemon (iscsid)...
cloud-init[943]: [[0;32m  OK  [0m] Listening on Socket activation for snappy daemon.
[[0;32m  OK  [0m] Listening on LXD - unix socket.
ci-info: | Route | Destination | Gateway | Interface | Flags |
[[0;32m  OK  [0m] Reached target Sockets.
[[0;32m  OK  [0m] Reached target Basic System.
         Starting LXD - container startup/shutdown...
[[0;32m  OK  [0m] Started FUSE filesystem for LXC.
[[0;32m  OK  [0m] Started Deferred execution scheduler.
[[0;32m  OK  [0m] Started D-Bus System Message Bus.
[   11.495088] cloud-init[943]: ci-info: +-------+-------------+---------+-----------+-------+
[   11.509223] cloud-init[943]: ci-info: |   0   |  fe80::/64  |    ::   |   enp0s3  |   U   |
[   11.516370] cloud-init[943]: ci-info: |   3   |   ff00::/8  |    ::   |   enp0s3  |   U   |
[   11.518324] cloud-init[943]: ci-info: +-------+-------------+---------+-----------+-------+
[   11.529372] cloud-init[943]: Generating public/private rsa key pair.
[   11.533251] cloud-init[943]: Your identification has been saved in /etc/ssh/ssh_host_rsa_key.
[   11.537102] cloud-init[943]: Your public key has been saved in /etc/ssh/ssh_host_rsa_key.pub.
[   11.543430] cloud-init[943]: The key fingerprint is:
[   11.546257] cloud-init[943]: SHA256:fMSVS47ffcI6F6/IfHGMzF99KJrcm7GYsoewnyOD89w root@ubuntu-xenial
[   11.548653] cloud-init[943]: The key's randomart image is:
[   11.550480] cloud-init[943]: +---[RSA 2048]----+
[   11.551852] cloud-init[943]: |            ..   |
[   11.553223] cloud-init[943]: |         . .o    |
[   11.554568] cloud-init[943]: |          o+ .   |
[   11.555876] cloud-init[943]: |       . .. o    |
[   11.557154] cloud-init[943]: |        S .. = =.|
[   11.558552] cloud-init[943]: |      .  .  o @ O|
[   11.559825] [[0;32m  OK  [0m] Started Regular background program processing daemon.
cloud-init[943]: |     . o o +.o B+|
[   11.606025]          cloud-initStarting Pollinate to seed the pseudo random number generator...
[943]: |    o.+.+.==+=o o|
[   11.644775] cloud-init[943]: |     oo+E=o B=.. |
[   11.645254] cloud-init[943]: +----[SHA256]-----+
         Starting LSB: MD monitoring daemon...
[   11.645357] cloud-init[943]: Generating public/private dsa key pair.
[   11.684304]          cloud-initStarting LSB: Record successful boot for GRUB...[943]: 
Your identification has been saved in /etc/ssh/ssh_host_dsa_key.
[   11.698104]          Starting Virtualbox guest utils...
cloud-init[943]: Your public key has been saved in /etc/ssh/ssh_host_dsa_key.pub.         Starting Accounts Service...

[   11.700479]          Starting /etc/rc.local Compatibility...
cloud-init[943]:          Starting Login Service...
The key fingerprint is:
[[0;32m  OK  [0m] Started ACPI event daemon.
[   11.703623] cloud-init[943]: SHA256:ql+Dr44efSA1cqXF8FDcsuTF49tLu4J1KgpyuO8oP4A root@ubuntu-xenial
         Starting System Logging Service...
[   11.730703] cloud-init[943]: The key's randomart image is:
[   11.747640] cloud-init[943]: +---[DSA 1024]----+
[   11.760380]          Starting Snappy daemon...
cloud-init[943]: |      o=+o       |
[   11.776358] cloud-init[943]: |       *= =      |
[   11.778516] cloud-init[943]: |    . =o.= .     |
[   11.778855] cloud-init[943]: |     + .o .      |
[   11.779008] cloud-init[943]: |.   . . S  o     |
[   11.779127] cloud-init[943]: |E  . o +  o +    |
[   11.779256] cloud-init[943]: | .o + + +o + o   |
[   11.779385] cloud-init[943]: |. .= = +o.o o    |
[   11.779511] cloud-init[943]: | o+=*o=o.. ...   |
[   11.779671] cloud-init[943]: +----[SHA256]-----+
[   11.779794] cloud-init[943]: Generating public/private ecdsa key pair.
[   11.779924] cloud-init[943]: Your identification has been saved in /etc/ssh/ssh_host_ecdsa_key.
[   11.780207] cloud-init[943]: Your public key has been saved in /etc/ssh/ssh_host_ecdsa_key.pub.
[   11.780330] cloud-init[943]: The key fingerprint is:
[   11.780456] cloud-init[943]: SHA256:XIPstuy/WA1NZ9fHhEGQnY484si/O2FuaTzdrNTFroA root@ubuntu-xenial
[   11.780589] cloud-init[943]: The key's randomart image is:
[   11.780713] cloud-init[943]: +---[ECDSA 256]---+
[   11.780844] cloud-init[943]: |            .=o+.|
[   11.780970] cloud-init[943]: |       . .  . +o.|
[   11.781097] cloud-init[943]: |        o o..oo =|
[   11.781227] cloud-init[943]: |       o ..++o.o.|
[   11.781354] cloud-init[943]: |       .So....  o|
[   11.781482] cloud-init[943]: |       oo.++ . o |
[   11.781609] cloud-init[943]: |        o=E++o. .|
[   11.781736] cloud-init[943]: |       . oX...o. |
[   11.781865] cloud-init[943]: |        o+=*...  |
[   11.781996] cloud-init[943]: +----[SHA256]-----+
[   11.782122] cloud-init[943]: Generating public/private ed25519 key pair.
[   11.782251] cloud-init[943]: Your identification has been saved in /etc/ssh/ssh_host_ed25519_key.
[   11.782378] cloud-init[943]: Your public key has been saved in /etc/ssh/ssh_host_ed25519_key.pub.
[   11.782506] cloud-init[943]: The key fingerprint is:
[   11.782634] cloud-init[943]: SHA256:PdXtq1qVPSQwRssZlGzgEGHhN+TniCvr0uponUHX1vw root@ubuntu-xenial
[   11.782762] cloud-init[943]: The key's randomart image is:
[   11.782891] cloud-init[943]: +--[ED25519 256]--+
[   11.783019] cloud-init[943]: |       *+o=B.    |
[   11.783146] cloud-init[943]: |      o = o+*. . |
[   11.783274] cloud-init[943]: |      ..o=.=.....|
[   11.783402] cloud-init[943]: |   . . oo+=.  o.o|
[   11.783534] cloud-init[943]: |  . . ..S.+.   +o|
[   11.783659] cloud-init[943]: |   .    .  E  . o|
[   11.783787] cloud-init[943]: |  . +. .     . . |
[   11.783915] cloud-init[943]: | ..+ .o     . .  |
[   11.784489] cloud-init[943]: |...o+o     ...   |
[   11.784617] cloud-init[943]: +----[SHA256]-----+
[[0;32m  OK  [0m] Started System Logging Service.
[[0;32m  OK  [0m] Started iSCSI initiator daemon (iscsid).
[[0;32m  OK  [0m] Started LXD - container startup/shutdown.
[[0;32m  OK  [0m] Started /etc/rc.local Compatibility.
[[0;32m  OK  [0m] Started LSB: MD monitoring daemon.
[[0;32m  OK  [0m] Started LSB: Record successful boot for GRUB.
[[0;32m  OK  [0m] Started Snappy daemon.
[[0;32m  OK  [0m] Started Login Service.
[[0;32m  OK  [0m] Started Virtualbox guest utils.
[[0;32m  OK  [0m] Started Pollinate to seed the pseudo random number generator.
         Starting OpenBSD Secure Shell server...
[[0;32m  OK  [0m] Started Unattended Upgrades Shutdown.
         Starting Authenticate and Authorize Users to Run Privileged Tasks...
         Starting Wait until snapd is fully seeded...
         Starting Login to default iSCSI targets...
[[0;32m  OK  [0m] Started Authenticate and Authorize Users to Run Privileged Tasks.
[[0;32m  OK  [0m] Started OpenBSD Secure Shell server.
[[0;32m  OK  [0m] Started Accounts Service.
[[0;32m  OK  [0m] Started Login to default iSCSI targets.
[[0;32m  OK  [0m] Reached target Remote File Systems (Pre).
[[0;32m  OK  [0m] Reached target Remote File Systems.
         Starting LSB: automatic crash report generation...
         Starting LSB: Set the CPU Frequency Scaling governor to "ondemand"...
         Starting LSB: daemon to balance interrupts for SMP systems...
         Starting Permit User Sessions...
[[0;32m  OK  [0m] Started Permit User Sessions.
[[0;32m  OK  [0m] Started LSB: Set the CPU Frequency Scaling governor to "ondemand".
         Starting Hold until boot process finishes up...
         Starting Terminate Plymouth Boot Screen...
[[0;32m  OK  [0m] Started Hold until boot process finishes up.
[[0;32m  OK  [0m] Started LSB: automatic crash report generation.
[[0;32m  OK  [0m] Started Serial Getty on ttyS0.
[[0;32m  OK  [0m] Started Getty on tty1.
[[0;32m  OK  [0m] Reached target Login Prompts.
         Starting Set console scheme...
[[0;32m  OK  [0m] Started LSB: daemon to balance interrupts for SMP systems.
[[0;32m  OK  [0m] Started Terminate Plymouth Boot Screen.
[[0;32m  OK  [0m] Started Set console scheme.
[[0;32m  OK  [0m] Created slice User Slice of vagrant.
         Starting User Manager for UID 1000...
[[0;32m  OK  [0m] Started Session 1 of user vagrant.
[[0;32m  OK  [0m] Started User Manager for UID 1000.
[[0;32m  OK  [0m] Started Wait until snapd is fully seeded.
[[0;32m  OK  [0m] Reached target Multi-User System.
[[0;32m  OK  [0m] Reached target Graphical Interface.
         Starting Update UTMP about System Runlevel Changes...
         Starting Apply the settings specified in cloud-config...
[[0;32m  OK  [0m] Started Update UTMP about System Runlevel Changes.
[   15.077735] cloud-init[1416]: Generating locales (this might take a while)...
[   15.646672] cloud-init[1416]:   en_US.UTF-8... done
[   15.666465] cloud-init[1416]: Generation complete.
[   15.884387] cloud-init[1416]: Cloud-init v. 19.1-1-gbaa47854-0ubuntu1~16.04.1 running 'modules:config' at Thu, 01 Aug 2019 08:39:38 +0000. Up 14.98 seconds.
[[0;32m  OK  [0m] Started Apply the settings specified in cloud-config.
         Starting Execute cloud user/final scripts...
ci-info: no authorized ssh keys fingerprints found for user ubuntu.
<14>Aug  1 08:39:39 ec2: 
<14>Aug  1 08:39:39 ec2: #############################################################
<14>Aug  1 08:39:39 ec2: -----BEGIN SSH HOST KEY FINGERPRINTS-----
<14>Aug  1 08:39:39 ec2: 1024 SHA256:ql+Dr44efSA1cqXF8FDcsuTF49tLu4J1KgpyuO8oP4A root@ubuntu-xenial (DSA)
<14>Aug  1 08:39:39 ec2: 256 SHA256:XIPstuy/WA1NZ9fHhEGQnY484si/O2FuaTzdrNTFroA root@ubuntu-xenial (ECDSA)
<14>Aug  1 08:39:39 ec2: 256 SHA256:PdXtq1qVPSQwRssZlGzgEGHhN+TniCvr0uponUHX1vw root@ubuntu-xenial (ED25519)
<14>Aug  1 08:39:39 ec2: 2048 SHA256:fMSVS47ffcI6F6/IfHGMzF99KJrcm7GYsoewnyOD89w root@ubuntu-xenial (RSA)
<14>Aug  1 08:39:39 ec2: -----END SSH HOST KEY FINGERPRINTS-----
<14>Aug  1 08:39:39 ec2: #############################################################
-----BEGIN SSH HOST KEY KEYS-----
ecdsa-sha2-nistp256 AAAAE2VjZHNhLXNoYTItbmlzdHAyNTYAAAAIbmlzdHAyNTYAAABBBOJ/450sGiTiVZDdL1uN27ZxU3AScOdQMoEL5bUeIuVuztar8PHm/UxkRtFmN9IF2iBqwZiCtxkePDuGkfWY77E= root@ubuntu-xenial
ssh-ed25519 AAAAC3NzaC1lZDI1NTE5AAAAIIl1r18pYvwn7tFT/Z+VK2yToscJSdcxfehz8CwLuPz7 root@ubuntu-xenial
ssh-rsa AAAAB3NzaC1yc2EAAAADAQABAAABAQCxesW1cM17C7YprgtzfwdHELSSs4dd1+8EeweLSSqWldxXC37pHzI1jhf4rhqaPpsT7iNkWjClM671+u2c+7DNPNZWTcjf3gvgyZraOQjxUUSI05JHHhA9DTp9mpUQL664xXMIyCu2fcpBtBSpnRkXwPtY/bDzQcNNRB5FVt2lh0sNBLQSie/SL0JX296fPN962K3CEJ0mOy0ZDYmHOO3eXL3rGJb+G76vDSp3jBnKbT4EvcdTCSTt6JX2Pi37S6RNrZoJI5cuUmtuCZe66AViL1fZ2N2ZqZZ6GFhJyfiEGK2xSbZMGWM0MCKpO1goTwwTMAeE68GuPl38+TfAP11b root@ubuntu-xenial
-----END SSH HOST KEY KEYS-----
[   16.271230] cloud-init[1487]: Cloud-init v. 19.1-1-gbaa47854-0ubuntu1~16.04.1 running 'modules:final' at Thu, 01 Aug 2019 08:39:39 +0000. Up 16.15 seconds.
[   16.319829] cloud-init[1487]: ci-info: no authorized ssh keys fingerprints found for user ubuntu.
[   16.320023] cloud-init[1487]: Cloud-init v. 19.1-1-gbaa47854-0ubuntu1~16.04.1 finished at Thu, 01 Aug 2019 08:39:39 +0000. Datasource DataSourceNoCloud [seed=/dev/sdb][dsmode=net].  Up 16.26 seconds
[[0;32m  OK  [0m] Started Execute cloud user/final scripts.
[[0;32m  OK  [0m] Reached target Cloud-init target.

Ubuntu 16.04.6 LTS ubuntu-xenial ttyS0

ubuntu-xenial login: 