[    0.000000] Initializing cgroup subsys cpuset
[    0.000000] Initializing cgroup subsys u
[    0.000000] Initializing cgroup subsys cpuacct
[    0.000000] Linux version 4.4.0-157-generic (buildd@lgw01-amd64-037) (gcc version 5.4.0 20160609 (Ubuntu 5.4.0-6ubuntu1~16.04.10) ) #185-Ubuntu SMP Tue Jul 23 09:17:01 UTC 2019 (Ubuntu 4.4.0-157.185-generic 4.4.181)
[    0.00000 Command line: BOOT_IMAGE=/boot/vmlinuz-4.4.0-157-generic root=LABEL=cloudimg-rootfs ro console=tty1 consol=ttyS0
[    0.000000] KERNEL supported cpus:
[    0.000000]   Intel GenuineIntel
[    0.000000]   AMD AuthenticAMD
[    0.000000]   Centaur CentaurHauls
[    0.000000] x86/fpu: xstate_offset[2]:  576, xstate_sizes[2]:  256
[    0.000000] x86/fpu: Supporting XSAVE feature 0x01: 'x87 floating point registers'
[    0.000000] x86/fpu: Supporting XSAVE feature 0x02: 'SSE registers'
[    0.000000] x86/fpu: Supporting XSAVE feature 0x04: 'AVX registers'
[    0.000000] x86/fpu: Enabled xstate features 0x7, context size is 832 bytes, using 'standard' format.
[    0.000000] e820: BIOS-provided physical RAM map:
[    0.000000] BIOS-e820: [mem 0x0000000000000000-0x000000000009fbff] usable
[    0.000000] BIOS-e820: [mem 0x000000000009fc00-0x000000000009ffff] reserved
[    0.000000] BIOS-e820: [mem 0x00000000000f0000-0x00000000000fffff] reserved
[    0.000000] BIOS-e820: [mem 0x0000000000100000-0x000000003ffeffff] usable
[    0.000000] BIOS-e820: [mem 0x000000003fff0000-0x000000003fffffff] ACPI data
[    0.000000] BIOS-e820: [mem 0x00000000fec00000-0x00000000fec00fff] reserved
[    0.000000] BIOS-e820: [mem 0x00000000fee00000-0x00000000fee00fff] reserved
[    0.000000] BIOS-e82 [mem 0x00000000fffc0000-0x00000000ffffffff] reserved
[    0.000000] NX (Execute Disable) protection: active
[    0.0000000] SMBIOS 2.5 present.
[    0.000000] Hypervisor detected: KVM
[    0.000000] e820: last_pfn = 0x3fff0 max_arch_n = 0x400000000
[    0.000000] MTRR: Disabled
[    0.000000] x86/PAT: MTRRs disabled, skipping PAT initialization too.
[    0.00000] U MTRRs all blank - virtualized system.
[    0.000000] x6/PAT: Configurtion [0-7]: WB  WT  UC- UC  WB  WT  UC- UC  
[    0.000000] found SMP MP-table at [mem 0x0009fff0-0x0009ffff] mapped at [ffff88000009fff0]
[    0.000000] Scanning 1 areas for low memory corruption
[    0.000000] RAMDISK: [mem 0x362fc000-0x37175fff]
[    0.000000] ACPI: Early table checksum verification disabled
[    0.000000] ACPI: RSDP 0x00000000000E0000 000024 (v02 VBOX  )
[    0.000000] ACPI: XSDT 0x000000003FFF0030 00003C (v01 VBOX   VBOXXSDT 00000001 ASL  00000061)
[    0.000000] ACPI: FACP 0x000000003FFF00F0 0000F4 (v04 VBOX   VBOXFACP 00000001 ASL  00000061)
[    0.000000] ACPI: DSDT 0x000000003FFF0470 0021FF (v02 VBOX   VXBIOS 00000002 INTL 20180105)
[    0.000000] ACPI: FACS 0x000000003FFF0200 000040
[    0.000000] ACPI: FACS 0x000000003FFF0200 000040
[    0.000000] ACPI: APIC 0x000000003FFF0240 00005C (v02 VBOX   VBOXAPIC 00000001 ASL  00000061)
[    0.000000] ACPI: SSDT 0x000000003FFF02A0 0001CC (v01 VBOX   VBOXCPUT 00000002 INTL 20180105)
[    0.000000] No NUMA configuration found
[    0.000000] Faking a node at [mem 0x0000000000000000-0x000000003ffeffff]
[    0.000000] NODE_DATA(0) allocated [mem 0x3ffeb000-0x3ffeffff]
[    0.000000] kvm-clock: Using msrs 4b564d01 and 4b564d00
[    0.000000] kvm-clock: cpu 0, msr 0:3ffe3001, primary cpu clock
[    0.000000] kvm-clock: using sched offset of 3156397697 cycles
[    0.000000] clocksourc kvm-clock: mask: 0xffffffffffffffff max_cycles: 0x1cd42e4dffb, max_idle_ns: 881590591483 ns
[    0.000000] Zone ranges:
[    0.000000]   DMA      [mem 0x0000000000001000-0x0000000000ffffff]
[    0.000000]   DMA32    [mem 0x0000000001000000-0x000000003ffeffff]
[    0.000000]   Normal   empty
[    0.000000]   Devi   empty
[    0.000000] Movable zone start for each node
[    0.000000] Early memory node ranges
[    0.000000]   node   0: [mem 0x0000000000001000-0x000000000009efff]
[    0.000000]   node   0: [mem 0x0000000000100000-0x000000003ffeffff]
[    0000000] Initmem setup node 0 [mem 0x0000000000001000-0x000000003ffeffff
[    .00000] ACPI: PM-Timer IO Port: 0x4008
[    0.000000] IOAPIC[0]: apic_id 2, version 32, address 0xfec00000, GSI 0-23
[    0.000000] ACPI: INT_SRC_OVR (bus 0 bus_irq 0 global_irq 2 dfl dfl)
[    0.000000] ACPI: INT_SRC_OVR (bus 0 bus_irq 9 global_irq 9 low level)
[    0.000000] Using ACPI (MADT) for SMP configuration information
[    0.000000] smpboot: Allowing 2 CPUs, 0 hotplug CPUs
[    0.000000] PM: Registered nosave memory: [mem 0x00000000-0x00000fff]
[    0.000000] PM: Registered nosave memory: [mem 0x0009f000-0x0009ffff]
[    0.000000] PM: Registered nosave memory: [mem 0x000a0000-0x000effff]
[    0.000000] PM: Registered nosave memory: [mem 0x000f0000-0x000fffff]
[    0.000000] e820: [mem 0x40000000-0xfebfffff] available for PCI devices
[    0.000000] Booting paravirtualized kernel on KVM
[    0.000000] clocksource: refined-jiffies: mask: 0xffffffff max_cycles: 0xffffffff, max_idle_ns: 7645519600211568 ns
[    0.000000] setup_percpu: NR_CPUS:512 nr_cpumask_bits:512 nr_cpu_ids:2 nr_node_ids:1
[    0.000000] PERCPU: Embedded 34 pages/cpu @ffff88003fc00000 s99544 r8192 d31528 u1048576
[    0.000000] Built 1 zonelists in Node order, mobility grouping on.  Total pages: 257912
[    0.000000] Policy zone: DMA32
[    0.000000] Kernel command line: BOOT_IMAGE=/boot/vmlinuz-4.4.0-157-generic root=LABEL=cloudimg-rootfs ro console=tty1 console=ttyS0
[    0.000000] PID hash table entries: 4096 (order: 3, 32768 bytes)
[    0.000000] Memory: 997736K/1048120K available (8618K kernel code, 1335K rwdata, 4032K rodata, 1484K init, 1284K bss, 50384K reserved, 0K cma-reserved)
[    0.000000] SLUB: HWalign=64, Order=0-3, MinObjects=0, CPUs=2, Nodes=1
[    0.000000] Kernel/User page tables isolaon: enabled
[    0.000000] Hierarchical RCU implementation.
[    0.000000] 	Build-time adjustment of leaf fanout to 64.
[    0.000000] 	RCU restricting CPUs from NR_CPUS=512 to nr_cpu_ids=2.
[    0.000000] RCU: Adjusting geometry for rcu_fanout_leaf=64, nr_cpu_ids=2
[    0.000000] NR_IRQS:33024 nr_irqs:440 16
[    0.000000] Console: colour VGA+ 80x25
[    0.000000] console [tty1] enabled
[    0.000000] console [ttyS0] enabled
[    0.000000] tsc: Detected 2207.998 MHz processor
[    0.857747] Calibrating delay loop (skipped) preset value.. 4415.99 BogoMIPS (lpj=8831992)
[    0.860574] pid_max: default: 32768 minimum: 301
[    0.861313] ACPI: Core revision 20150930
[    0.862705] ACPI: 2 ACPI AML tables successfully acquired and loaded
[    0.863727] Security Framework initialized
[    0.864377] Yama: becoming mindful.
[    0.864982] AppArmor: AppArmor initialized
[    0.865697] Dentry cache hash table entries: 131072 (order: 8, 1048576 bytes)
[    0.867316] Inode-cache hash table entries: 65536 (order: 7, 524288 bytes)
[    0.868447] Mount-cache hash table entries: 2048 (order: 2, 16384 bytes)
[    0.877464] Mountpoint-cache hash table entries: 2048 (order: 2, 16384 bytes)
[    0.913900] Initializing cgroup subsys io
[    0.914633] Initializing cgroup subsys memory
[    0.915437] Initializing cgroup subsys devices
[    0.921504] Initializing cgroup subsys freezer
[    0.922340] Initializing cgroup subsys net_cls
[    0.923155] Initializing cgroup subsys perf_event
[    0.924003] Initializing cgroup subsys net_prio
[    0.924944] Initializing cgroup subsys hugetlb
[    0.925906] Initializing cgroup subsys pids
[    0.928260] mce: CPU supports 0 MCE banks
[    0.928925] Last level iTLB entries: 4KB 64, 2MB 8, 4MB 8
[    0.929742] Last level dTLB entries: 4KB 64, 2MB 0, 4MB 0, 1GB 4
[    0.930678] Spectre V2 : Mitigation: Full generic retpoline
[    0.931649] Spectre V2 : Spectre v2 / SpectreRSB mitigation: Filling RSB on context switch
[    0.933157] Speculative Store Bypass: Vulnerable
[    0.934057] MDS: Vulnerable: Clear CPU buffers attempted, no microcode
[    0.937404] Freeing SMP alternatives memory: 36K
[    0.943006] ftrace: allocating 32312 entries in 127 pages
[    0.989746] smpboot: APIC(0) Converting physical 0 to logical package 0
[    0.990950] smpboot: Max logical packages: 1
[    0.993587] x2apic enabled
[    0.994381] Switched APIC routing to physical x2apic.
[    0.996236] ..TIMER: vector=0x30 apic1=0 pin1=2 apic2=-1 pin2=-1
[    1.105182] smpboot: CPU0: Intel(R) Core(TM) i5-7260U CPU @ 2.20GHz (family: 0x6, model: 0x8e, stepping: 0x9)
[    1.107121] Performance Events: unsupported p6 CPU model 142 no PMU driver, software events only.
[    1.117264] KVM setup paravirtual spinlock
[    1.118722] x86: Booting SMP configuration:
[    1.119516] .... node  #0, CPUs:      #1
[    1.125673] kvm-clock: cpu 1, msr 0:3ffe3041, secondary cpu clock
[    1.200830] mce: CPU supports 0 MCE banks
[    1.203237] x86: Booted up 1 node, 2 CPUs
[    1.204164] smpboot: Total of 2 processors activated (8831.99 BogoMIPS)
[    1.205618] devtmpfs: initialized
[    1.207959] evm: security.selinux
[    1.208696] evm: security.SMACK64
[    1.218489] evm: security.SMACK64EXEC
[    1.224639] evm: security.SMACK64TRANSMUTE
[    1.230704] evm: security.SMACK64MMAP
[    1.231411] evm: security.ima
[    1.241605] evm: security.capability
[    1.242725] clocksource: jiffies: mask: 0xffffffff max_cycles: 0xffffffff, max_idle_ns: 7645041785100000 ns
[    1.264069] futex hash table entries: 512 (order: 3, 32768 bytes)
[    1.272577] pinctrl core: initialized pinctrl subsystem
[    1.273468] RTC time: 10:52:24, date: 08/02/19
[    1.274416] NET: Registered protocol family 16
[    1.289366] cpuidle: using governor ladder
[    1.304803] cpuidle: using governor menu
[    1.310786] PCCT header not found.
[    1.311425] ACPI: bus type PCI registered
[    1.312067] acpiphp: ACPI Hot Plug PCI Controller Driver version: 0.5
[    1.313066] PCI: Using configuration type 1 for base access
[    1.325757] ACPI: Added _OSI(Module Device)
[    1.326515] ACPI: Added _OSI(Processor Device)
[    1.327216] ACPI: Added _OSI(3.0 _SCP Extensions)
[    1.327930] ACPI: Added _OSI(Processor Aggregator Device)
[    1.329296] ACPI: Executed 1 blocks of module-level executable AML code
[    1.331950] ACPI: Interpreter enabled
[    1.332564] ACPI: (supports S0 S5)
[    1.333214] ACPI: Using IOAPIC for interrupt routing
[    1.334102] PCI: Using host bridge windows from ACPI; if necessary, use "pci=nocrs" and report a bug
[    1.338236] ACPI: PCI Root Bridge [PCI0] (domain 0000 [bus 00-ff])
[    1.376976] acpi PNP0A03:00: _OSC: OS supports [ASPM ClockPM Segments MSI]
[    1.377960] acpi PNP0A03:00: _OSC: not requesting OS control; OS requires [ExtendedConfig ASPM ClockPM MSI]
[    1.379429] acpi PNP0A03:00: fail to add MMCONFIG information, can't access extended PCI configuration space under this bridge.
[    1.381278] PCI host bridge to bus 0000:00
[    1.381975] pci_bus 0000:00: root bus resource [io  0x0000-0x0cf7 window]
[    1.382942] pci_bus 0000:00: root bus resource [io  0x0d00-0xffff window]
[    1.383984] pci_bus 0000:00: root bus resource [mem 0x000a0000-0x000bffff window]
[    1.385387] pci_bus 0000:00: root bus resource [mem 0x40000000-0xfdffffff window]
[    1.386787] pci_bus 0000:00: root bus resource [bus 00-ff]
[    1.389044] pci 0000:00:01.1: legacy IDE quirk: reg 0x10: [io  0x01f0-0x01f7]
[    1.402542] pci 0000:00:01.1: legacy IDE quirk: reg 0x14: [io  0x03f6]
[    1.403648] pci 0000:00:01.1: legacy IDE quirk: reg 0x18: [io  0x0170-0x0177]
[    1.404821] pci 0000:00:01.1: legacy IDE quirk: reg 0x1c: [io  0x0376]
[    1.420690] pci 0000:00:07.0: quirk: [io  0x4000-0x403f] claimed by PIIX4 ACPI
[    1.430111] pci 0000:00:07.0: quirk: [io  0x4100-0x410f] claimed by PIIX4 SMB
[    1.436115] ACPI: PCI Interrupt Link [LNKA] (IRQs 5 9 10 *11)
[    1.437474] ACPI: PCI Interrupt Link [LNKB] (IRQs 5 9 *10 11)
[    1.438692] ACPI: PCI Interrupt Link [LNKC] (IRQs 5 *9 10 11)
[    1.439963] ACPI: PCI Interrupt Link [LNKD] (IRQs 5 9 10 *11)
[    1.441438] ACPI: Enabled 2 GPEs in block 00 to 07
[    1.449742] vgaarb: setting as boot device: PCI:0000:00:02.0
[    1.451943] vgaarb: device added: PCI:0000:00:02.0,decodes=io+mem,owns=io+mem,locks=none
[    1.453234] vgaarb: loaded
[    1.453735] vgaarb: bridge control possible 0000:00:02.0
[    1.454732] SCSI subsystem initialized
[    1.455461] ACPI: bus type USB registered
[    1.456124] usbcore: registered new interface driver usbfs
[    1.456934] usbcore: registered new interface driver hub
[    1.463067] usbcore: registered new device driver usb
[    1.464187] PCI: Using ACPI for IRQ routing
[    1.465211] NetLabel: Initializing
[    1.465890] NetLabel:  domain hash size = 128
[    1.466701] NetLabel:  protocols = UNLABELED CIPSOv4
[    1.467945] NetLabel:  unlabeled traffic allowed by default
[    1.469121] amd_nb: Cannot enumerate AMD northbridges
[    1.470175] clocksource: Switched to clocksource kvm-clock
[    1.476608] AppArmor: AppArmor Filesystem Enabled
[    1.477559] pnp: PnP ACPI init
[    1.478792] pnp: PnP ACPI: found 3 devices
[    1.487722] clocksource: acpi_pm: mask: 0xffffff max_cycles: 0xffffff, max_idle_ns: 2085701024 ns
[    1.489356] NET: Registered protocol family 2
[    1.490336] TCP established hash table entries: 8192 (order: 4, 65536 bytes)
[    1.491577] TCP bind hash table entries: 8192 (order: 5, 131072 bytes)
[    1.503107] TCP: Hash tables configured (established 8192 bind 8192)
[    1.504020] UDP hash table entries: 512 (order: 2, 16384 bytes)
[    1.504868] UDP-Lite hash table entries: 512 (order: 2, 16384 bytes)
[    1.505804] NET: Registered protocol family 1
[    1.506528] pci 0000:00:00.0: Limiting direct PCI/PCI transfers
[    1.507402] pci 0000:00:01.0: Activating ISA DMA hang workarounds
[    1.508645] Unpacking initramfs...
[    1.687969] Freeing initrd memory: 14824K
[    1.720273] clocksource: tsc: mask: 0xffffffffffffffff max_cycles: 0x1fd3b6211b4, max_idle_ns: 440795230313 ns
[    1.721780] platform rtc_cmos: registered platform RTC device (no PNP device found)
[    1.723116] Scanning for low memory corruption every 60 seconds
[    1.724488] audit: initializing netlink subsys (disabled)
[    1.731457] audit: type=2000 audit(1564743148.670:1): initialized
[    1.744704] Initialise system trusted keyring
[    1.745754] HugeTLB registered 2 MB page size, pre-allocated 0 pages
[    1.747913] zbud: loaded
[    1.748800] VFS: Disk quotas dquot_6.6.0
[    1.749575] VFS: Dquot-cache hash table entries: 512 (order 0, 4096 bytes)
[    1.750937] squashfs: version 4.0 (2009/01/31) Phillip Lougher
[    1.752227] fuse init (API version 7.23)
[    1.752960] Key type big_key registered
[    1.753602] Allocating IMA MOK and blacklist keyrings.
[    1.755068] Key type asymmetric registered
[    1.755732] Asymmetric key parser 'x509' registered
[    1.756505] Block layer SCSI generic (bsg) driver version 0.4 loaded (major 249)
[    1.757767] io scheduler noop registered
[    1.758622] io scheduler deadline registered (default)
[    1.759637] io scheduler cfq registered
[    1.760451] pci_hotplug: PCI Hot Plug PCI Core version: 0.5
[    1.780216] pciehp: PCI Express Hot Plug Controller Driver version: 0.4
[    1.830156] ACPI: AC Adapter [AC] (on-line)
[    1.837315] input: Power Button as /devices/LNXSYSTM:00/LNXPWRBN:00/input/input0
[    1.838532] ACPI: Power Button [PWRF]
[    1.839262] input: Sleep Button as /devices/LNXSYSTM:00/LNXSLPBN:00/input/input1
[    1.890722] ACPI: Sleep Button [SLPF]
[    1.940350] GHES: HEST is not enabled!
[    1.960148] Serial: 8250/16550 driver, 32 ports, IRQ sharing enabled
[    1.982700] 00:02: ttyS0 at I/O 0x3f8 (irq = 4, base_baud = 115200) is a 16550A
[    2.091458] Linux agpgart interface v0.103
[    2.191938] loop: module loaded
[    2.230740] scsi host0: ata_piix
[    2.231565] scsi host1: ata_piix
[    2.232248] ata1: PATA max UDMA/33 cmd 0x1f0 ctl 0x3f6 bmdma 0xd000 irq 14
[    2.233397] ata2: PATA max UDMA/33 cmd 0x170 ctl 0x376 bmdma 0xd008 irq 15
[    2.234641] libphy: Fixed MDIO Bus: probed
[    2.235430] tun: Universal TUN/TAP device driver, 1.6
[    2.236329] tun: (C) 1999-2004 Max Krasnyansky <maxk@qualcomm.com>
[    2.237428] PPP generic driver version 2.4.2
[    2.238535] ehci_hcd: USB 2.0 'Enhanced' Host Controller (EHCI) Driver
[    2.239671] ehci-pci: EHCI PCI platform driver
[    2.240506] ehci-platform: EHCI generic platform driver
[    2.241495] ohci_hcd: USB 1.1 'Open' Host Controller (OHCI) Driver
[    2.250225] ohci-pci: OHCI PCI platform driver
[    2.251066] ohci-platform: OHCI generic platform driver
[    2.252030] uhci_hcd: USB Universal Host Controller Interface driver
[    2.253162] i8042: PNP: PS/2 Controller [PNP0303:PS2K,PNP0f03:PS2M] at 0x60,0x64 irq 1,12
[    2.255125] serio: i8042 KBD port at 0x60,0x64 irq 1
[    2.256028] serio: i8042 AUX port at 0x60,0x64 irq 12
[    2.257020] mousedev: PS/2 mouse device common for all mice
[    2.258654] input: AT Translated Set 2 keyboard as /devices/platform/i8042/serio0/input/input2
[    2.290372] rtc_cmos rtc_cmos: rtc core: registered rtc_cmos as rtc0
[    2.300205] rtc_cmos rtc_cmos: alarms up to one day, 114 bytes nvram
[    2.301290] i2c /dev entries driver
[    2.302057] device-mapper: uevent: version 1.0.3
[    2.303119] device-mapper: ioctl: 4.34.0-ioctl (2015-10-28) initialised: dm-devel@redhat.com
[    2.310346] ledtrig-cpu: registered to indicate activity on CPUs
[    2.335148] NET: Registered protocol family 10
[    2.336171] NET: Registered protocol family 17
[    2.336988] Key type dns_resolver registered
[    2.338172] registered taskstats version 1
[    2.338963] Loading compiled-in X.509 certificates
[    2.340308] Loaded X.509 cert 'Build time autogenerated kernel key: 3e01e6df98386236d59670e6b2ed19a044d5324e'
[    2.342118] zswap: loaded using pool lzo/zbud
[    2.344745] Key type trusted registered
[    2.347943] Key type encrypted registered
[    2.348704] AppArmor: AppArmor sha1 policy hashing enabled
[    2.349641] ima: No TPM chip found, activating TPM-bypass!
[    2.350607] ima: Allocated hash algorithm: sha1
[    2.351430] evm: HMAC attrs: 0x1
[    2.352342]   Magic number: 15:559:880
[    2.353154] rtc_cmos rtc_cmos: setting system clock to 2019-08-02 10:52:25 UTC (1564743145)
[    2.354832] BIOS EDD facility v0.16 2004-Jun-25, 0 devices found
[    2.370528] EDD information not available.
[    2.395211] Freeing unused kernel memory: 1484K
[    2.396080] Write protecting the kernel read-only data: 14336k
[    2.397525] Freeing unused kernel memory: 1612K
[    2.398586] Freeing unused kernel memory: 64K
Loading, please wait...
starting version 229
[    2.411023] random: systemd-udevd: uninitialized urandom read (16 bytes read, 3 bits of entropy available)
[    2.411578] random: udevadm: uninitialized urandom read (16 bytes read, 3 bits of entropy available)
[    2.411595] random: udevadm: uninitialized urandom read (16 bytes read, 3 bits of entropy available)
[    2.416160] random: systemd-udevd: uninitialized urandom read (16 bytes read, 3 bits of entropy available)
[    2.417798] random: udevadm: uninitialized urandom read (16 bytes read, 3 bits of entropy available)
[    2.417835] random: udevadm: uninitialized urandom read (16 bytes read, 3 bits of entropy available)
[    2.417940] random: udevadm: uninitialized urandom read (16 bytes read, 3 bits of entropy available)
[    2.417978] random: udevadm: uninitialized urandom read (16 bytes read, 3 bits of entropy available)
[    2.418015] random: udevadm: uninitialized urandom read (16 bytes read, 3 bits of entropy available)
[    2.418064] random: udevadm: uninitialized urandom read (16 bytes read, 3 bits of entropy available)
[    2.453963] e1000: Intel(R) PRO/1000 Network Driver - version 7.3.21-k8-NAPI
[    2.460563] e1000: Copyright (c) 1999-2006 Intel Corporation.
[    2.463826] Fusion MPT base driver 3.04.20
[    2.464580] Copyright (c) 1999-2008 LSI Corporation
[    2.471688] Fusion MPT SPI Host driver 3.04.20
[    2.492354] AVX2 version of gcm_enc/dec engaged.
[    2.502302] AES CTR mode by8 optimization enabled
[    2.675475] input: ImExPS/2 Generic Explorer Mouse as /devices/platform/i8042/serio1/input/input4
[    2.828311] e1000 0000:00:03.0 eth0: (PCI:33MHz:32-bit) 02:c2:66:bb:16:6d
[    3.389959] e1000 0000:00:03.0 eth0: Intel(R) PRO/1000 Network Connection
[    3.401330] e1000 0000:00:03.0 enp0s3: renamed from eth0
[    3.401400] mptbase: ioc0: Initiating bringup
[    3.469866] ioc0: LSI53C1030 A0: Capabilities={Initiator}
[    4.501992] scsi host2: ioc0: LSI53C1030 A0, FwRev=00000000h, Ports=1, MaxQ=256, IRQ=20
[    5.268761] scsi 2:0:0:0: Direct-Access     VBOX     HARDDISK         1.0  PQ: 0 ANSI: 5
[    5.282452] scsi target2:0:0: Beginning Domain Validation
[    5.292337] scsi target2:0:0: Domain Validation skipping write tests
[    5.294577] scsi target2:0:0: Ending Domain Validation
[    5.296275] scsi target2:0:0: asynchronous
[    5.297979] scsi 2:0:1:0: Direct-Access     VBOX     HARDDISK         1.0  PQ: 0 ANSI: 5
[    5.300222] scsi target2:0:1: Beginning Domain Validation
[    5.302475] scsi target2:0:1: Domain Validation skipping write tests
[    5.303855] scsi target2:0:1: Ending Domain Validation
[    5.305042] scsi target2:0:1: asynchronous
[    5.310756] sd 2:0:0:0: [sda] 20971520 512-byte logical blocks: (10.7 GB/10.0 GiB)
[    5.311008] sd 2:0:0:0: Attached scsi generic sg0 type 0
[    5.311304] sd 2:0:1:0: Attached scsi generic sg1 type 0
[    5.311336] sd 2:0:1:0: [sdb] 20480 512-byte logical blocks: (10.5 MB/10.0 MiB)
[    5.311790] sd 2:0:1:0: [sdb] Write Protect is off
[    5.311863] sd 2:0:1:0: [sdb] Incomplete mode parameter data
[    5.311864] sd 2:0:1:0: [sdb] Assuming drive cache: write through
[    5.313371] sd 2:0:1:0: [sdb] Attached SCSI disk
[    5.339246] sd 2:0:0:0: [sda] Write Protect is off
[    5.340089] sd 2:0:0:0: [sda] Incomplete mode parameter data
[    5.351770] sd 2:0:0:0: [sda] Assuming drive cache: write through
[    5.353761]  sda: sda1
[    5.354766] sd 2:0:0:0: [sda] Attached SCSI disk
Begin: Loading e[    6.787723] md: linear personality registered for level -1
ssential drivers ... [    7.032431] md: multipath personality registered for level -4
[    7.035458] md: raid0 personality registered for level 0
[    7.039986] md: raid1 personality registered for level 1
[    7.110245] raid6: sse2x1   gen() 10956 MB/s
[    7.178227] raid6: sse2x1   xor()  8724 MB/s
[    7.250240] raid6: sse2x2   gen() 14303 MB/s
[    7.318234] raid6: sse2x2   xor()  9901 MB/s
[    7.386236] raid6: sse2x4   gen() 15844 MB/s
[    7.454227] raid6: sse2x4   xor() 10665 MB/s
[    7.522228] raid6: avx2x1   gen() 23148 MB/s
[    7.590200] raid6: avx2x2   gen() 26312 MB/s
[    7.658215] raid6: avx2x4   gen() 29352 MB/s
[    7.659050] raid6: using algorithm avx2x4 gen() 29352 MB/s
[    7.659929] raid6: using avx2x2 recovery algorithm
[    7.661735] xor: automatically using best checksumming function:
[    7.722943]    avx       : 79635.000 MB/sec
[    7.731375] async_tx: api initialized (async)
[    7.746383] md: raid6 personality registered for level 6
[    7.750030] md: raid5 personality registered for level 5
[    7.750835] md: raid4 personality registered for level 4
[    7.756347] md: raid10 personality registered for level 10
done.
Begin: Running /scripts/init-premount ... done.
Begin: Mounting root file system ... Begin: Running /scripts/local-top ... done.
Begin: Running /scripts/local-premount ... [    7.808413] Btrfs loaded
Scanning for Btrfs filesystems
done.
Warning: fsck no[    7.841109] EXT4-fs (sda1): mounted filesystem with ordered data mode. Opts: (null)
t present, so skipping root file system
done.
Begin: Running /scripts/local-bottom ... done.
Begin: Running /scripts/init-bottom ... done.
[    7.981201] systemd[1]: systemd 229 running in system mode. (+PAM +AUDIT +SELINUX +IMA +APPARMOR +SMACK +SYSVINIT +UTMP +LIBCRYPTSETUP +GCRYPT +GNUTLS +ACL +XZ -LZ4 +SECCOMP +BLKID +ELFUTILS +KMOD -IDN)
[    7.983773] systemd[1]: Detected virtualization oracle.
[    7.984553] systemd[1]: Detected architecture x86-64.

Welcome to [1mUbuntu 16.04.6 LTS[0m!

[    7.987912] systemd[1]: Set hostname to <ubuntu>.
[    7.990543] systemd[1]: Initializing machine ID from random generator.
[    7.991939] systemd[1]: Installed transient /etc/machine-id file.
[    8.111341] systemd[1]: Reached target Encrypted Volumes.
[[0;32m  OK  [0m] Reached target Encrypted Volumes.
[    8.113236] systemd[1]: Reached target Swap.
[[0;32m  OK  [0m] Reached target Swap.
[    8.114853] systemd[1]: Listening on Journal Socket (/dev/log).
[[0;32m  OK  [0m] Listening on Journal Socket (/dev/log).
[    8.116719] systemd[1]: Listening on Syslog Socket.
[[0;32m  OK  [0m] Listening on Syslog Socket.
[    5064systemd[1]: Listening on LVM2 poll daemon socket.
[[0;32m  OK  [0m] Listening on LVM2 poll daemon socket.
[    8.659997] systemd[1]: Listening on udev Kernel Socket.
[[0;32m  OK  [0m] Listening on udev Kernel Socket.
[    8.66207 systemd[1]: Listening on /dev/initctl Compatibility Named Pipe.
[[0;32m  OK  [0m] Listening on /dev/initctl Compatibility Named Pipe.
[    8.721510] systemd[1]: Listening on Journal Audit Socket.
[[0;32m  OK  [0m] Listening on Journal Audit Socket.
[    8.723370] systemd[1]: Reached target User and Group Name Lookups.
[[0;32m  OK  [0m] Reached target User and Group Name Lookups.
[    8.725859] systemd[1]: Listening on udev Control Socket.
[[0;32m  OK  [0m] Listening on udev Control Socket.
[    8.727976] systemd[1]: Listening on LVM2 metadata daemon socket.
[[0;32m  OK  [0m] Listening on LVM2 metadata daemon socket.
[    8.730315] systemd[1]: Set up automount Arbitrary Executable File Formats File System Automount Point.
[[0;32m  OK  [0m] Set up automount Arbitrary Executab...ats File System Automount Point.
[    8.850444] systemd[1]: Started Forward Password Requests to Wall Directory Watch.
[[0;32m  OK  [0m] Started Forward Password Requests to Wall Directory Watch.
[    8.854510] systemd[1]: Listening on Device-mapper event daemon FIFOs.
[[0;32m  OK  [0m] Listening on Device-mapper event daemon FIFOs.
[   .858756] systemd[1]: Created slice System Slice.
[[0;32m  OK  [0m] Created slice System Slice.
[    8.911227] systemd[1]: Created slice system-serial\x2dgetty.slice.
[[0;32m  OK  [0m] Created slice system-serial\x2dgetty.slice.
[    8.913560] systemd[1]: Listening on Journal Socket.
[[0;32m  OK  [0m] Listening on Journal Socket.

[    8.926519] systemd[1]: Starting Uncomplicated firewall...
         Starting Uncomplicated firewall...
[    8.946310] systemd[1]: Mounting POSIX Message Queue File System...
         Mounting POSIX Message Queue File System...
[    8.974702] systemd[1]: Starting Monitoring of LVM2 mirrors, snapshots etc. using dmeventd or progress polling...
         Starting Monitoring of LVM2 mirrors... dmeventd or progress polling...
[    8.997169] systemd[1]: Starting Journal Service...
         Starting Journal Service...
[    9.006526] systemd[1]: Starting Create list of required static device nodes for the current kernel...
         Starting Create list of required st... nodes for the current kernel...
[    9.016380] systemd[1]: Mounting Debug File System...
         Mounting Debug File System...
[    9.045162] systemd[1]: Starting Load Kernel Modules...
         Starting Load Kernel Modules...
[    9.048922] systemd[1]: Starting Set console keymap...
         Starting Set console keymap...
[    9.056169] systemd[1]: Started Trigger resolvconf update for networkd DNS.
[[0;32m  OK  [0[    9.066624] Loading iSCSI transport class v2.0-870.
m] Started Trigger resolvconf update for networkd DNS.
[    9.070895] systemd[1]: Starting Remount Root and Kernel File Systems...
[    9.073470] EXT4-fs (sda1): re-mounted. Opts: (null)
         Starting Remount Root and Kernel File Systems...
[    9.087435] systemd[1]: Created slice User and Session Slice.
[[0;32m  OK  [0m] Created slice User and Session Slice.
[    9.089614] systemd[1]: Reached target Slices.
[    9.097780] iscsi: registered transport (tcp)
[[0;32m  OK  [0m] Reached target Slices.
[    9.105140] systemd[1]: Starting Nameserver information manager...
         Starting Nameserver information manager[    9.120952] iscsi: registered transport (iser)
...
[    9.163863] systemd[1]: Reached target System Time Synchronized.
[[0;32m  OK  [0m] Reached target System Time Synchronized.
[    9.178397] systemd[1]: Mounting Huge Pages File System...
         Mounting Huge Pages File System...
[    9.213867] systemd[1]: Mounted Huge Pages File System.
[[0;32m  OK  [0m] Mounted Huge Pages File System.
[    9.215656] systemd[1]: Mounted Debug File System.
[[0;32m  OK  [0m] Mounted Debug File System.
[    9.217209] systemd[1]: Mounted POSIX Message Queue File System.
[[0;32m  OK  [0m] Mounted POSIX Message Queue File System.
[    9.219122] systemd[1]: Started Journal Service.
[[0;32m  OK  [0m] Started Journal Service.
[[0;32m  OK  [0m] Started Uncomplicated firewall.
[[0;32m  OK  [0m] Started Create list of required sta...ce nodes for the current kernel.
[[0;32m  OK  [0m] Started Load Kernel Modules.
[[0;32m  OK  [0m] Started Set console keymap.
[[0;32m  OK  [0m] Started Remount Root and Kernel File Systems.
[    9.247360] random: nonblocking pool is initialized
[[0;32m  OK  [0m] Started Nameserver information manager.
[[0;32m  OK  [0m] Started LVM2 metadata daemon.
         Starting Load/Save Random Seed...
         Starting udev Coldplug all Devices...
         Starting Apply Kernel Variables...
         Mounting FUSE Control File System...
         Starting Create Static Device Nodes in /dev...
         Starting Flush Journal to Persistent Storage...
[[0;32m  OK  [0m] Mounted FUSE Control File System.
[[0;32m  OK  [0m] Started Load/Save Random Seed.
[[0;32m  OK  [0m] Started Apply Kernel Variables.
[[0;32m  OK  [0m] Started Create Static Device Nodes in /dev.
[[0;32m  OK  [0m] Started udev Coldplug all Devices.
[[0;32m  OK  [0m] Started Flush Journal to Persistent Storage.
         Starting udev Kernel Device Manager...
[[0;32m  OK  [0m] Started udev Kernel Device Manager.
[[0;32m  OK  [0m] Started Dispatch Password Requests to Console Directory Watch.
[[0;32m  OK  [0m] Found device /dev/ttyS0.
[[0;32m  OK  [0m] Listening on Load/Save RF Kill Switch Status /dev/rfkill Watch.
[[0;32m  OK  [0m] Started Monitoring of LVM2 mirrors,...ng dmeventd or progress polling.
[[0;32m  OK  [0m] Reached target Local File Systems (Pre).
[[0;32m  OK  [0m] Reached target Local File Systems.
         Starting Commit a transient machine-id on disk...
         Starting Set console font and keymap...
         Starting Create Volatile Files and Directories...
         Starting Initial cloud-init job (pre-networking)...
         Starting LSB: AppArmor initialization...
         Starting Tell Plymouth To Write Out Runtime Data...
[[0;32m  OK  [0m] Started Commit a transient machine-id on disk.
[[0;32m  OK  [0m] Started Create Volatile Files and Directories.
[[0;32m  OK  [0m] Started Tell Plymouth To Write Out Runtime Data.
         Starting Update UTMP about System Boot/Shutdown...
[[0;32m  OK  [0m] Started Update UTMP about System Boot/Shutdown.
[[0;32m  OK  [0m] Started Set console font and keymap.
[[0;32m  OK  [0m] Created slice system-getty.slice.
[[0;32m  OK  [0m] Started LSB: AppArmor initialization.
[    9.978326] cloud-init[632]: Cloud-init v. 19.1-1-gbaa47854-0ubuntu1~16.04.1 running 'init-local' at Fri, 02 Aug 2019 10:52:33 +0000. Up 9.68 seconds.
[[0;32m  OK  [0m] Started Initial cloud-init job (pre-networking).
[[0;32m  OK  [0m] Reached target Network (Pre).
         Starting Raise network interfaces...
[[0;32m  OK  [0m] Started Raise network interfaces.
[[0;32m  OK  [0m] Reached target Network.
         Starting Initial cloud-init job (metadata service crawler)...
[   10.965043] cloud-init[954]: Cloud-init v. 19.1-1-gbaa47854-0ubuntu1~16.04.1 running 'init' at Fri, 02 Aug 2019 10:52:34 +0000. Up 10.48 seconds.
[   10.988335] cloud-init[954]: ci-info: ++++++++++++++++++++++++++++++++++++++Net device info++++++++++++++++++++++++++++++++++++++
[   10.990157] cloud-init[954]: ci-info: +--------+------+----------------------------+---------------+--------+-------------------+
[   11.000487] cloud-init[954]: ci-info: | Device |  Up  |          Address           |      Mask     | Scope  |     Hw-Address    |
[   11.002154] cloud-init[954]: ci-info: +--------+------+----------------------------+---------------+--------+-------------------+
[   11.003691] cloud-init[954]: ci-info: | enp0s3 | True |         10.0.2.15          | 255.255.255.0 | global | 02:c2:66:bb:16:6d |
[   11.012231] [[0;32m  OK  [0m] Started Initial cloud-init job (metadata service crawler).
cloud-init[954]: ci-info: | enp0s3 | True | fe80::c2:66ff:febb:166d/64 |       .       |  link  | 02:c2:66:bb:16:6d |[[0;32m  OK  [0m] Reached target Cloud-config availability.
[[0;32m  OK  [0m] Reached target Network is Online.

[   11.016130] cloud-init[954]: ci-info: |   lo   | True |         127.0.0.1          |   255.0.0.0   |  host  |         .         |
[   11.017669] cloud-init[954]: ci-info: |   lo   | True |          ::1/128           |       .       |  host  |         .         |
[   11.019199] cloud-init[954]: ci-info: +--------+------+----------------------------+---------------+--------+-------------------+
[   11.020728] cloud-init[954]: ci-info: +++++++++++++++++++++++++++Route IPv4 info++++++++++++++++++++++++++++
[   11.022094] cloud-init[954]: ci-info: +-------+-------------+----------+---------------+-----------+-------+
[   11.040157]          cloud-initStarting iSCSI initiator daemon (iscsid)...[954]: 
ci-info: | Route | Destination | Gateway  |    Genmask    | Interface | Flags |
[   11.097536] [[0;32m  OK  [0m] Reached target System Initialization.
cloud-init[954]: [[0;32m  OK  [0m] Started Daily apt download activities.
ci-info: +-------+-------------+----------+---------------+-----------+-------+
[   11.135360] [[0;32m  OK  [0m] Listening on ACPID Listen Socket.
cloud-init[954]: ci-info: |   0   |   0.0.0.0   | 10.0.2.2 |    0.0.0.0    |   enp0s3  |   UG  |
[   11.195183]          Starting LXD - unix socket.
[[0;32m  OK  [0m] Started Daily apt upgrade and clean activities.
[[0;32m  OK  [0m] Listening on UUID daemon activation socket.
[[0;32m  OK  [0m] Started Daily Cleanup of Temporary Directories.
[[0;32m  OK  [0m] Reached target Timers.
         Starting Socket activation for snappy daemon.
cloud-init[954]: ci-info: |   1   |   10.0.2.0  | 0.0.0.0  | 255.255.255.0 |   enp0s3  |   U   |
[   11.227372] [[0;32m  OK  [0m] Started ACPI Events Check.
[[0;32m  OK  [0m] Reached target Paths.
[[0;32m  OK  [0m] Listening on D-Bus System Message Bus Socket.
cloud-init[954]: ci-info: +-------+-------------+----------+---------------+-----------+-------+
[   11.245832] cloud-init[954]: ci-info: +++++++++++++++++++Route IPv6 info+++++++++++++++++++
[   11.261308] [[0;32m  OK  [0m] Listening on LXD - unix socket.
[[0;32m  OK  [0m] Listening on Socket activation for snappy daemon.
[[0;32m  OK  [0m] Started iSCSI initiator daemon (iscsid).
cloud-init[954]: ci-info: +-------+-------------+---------+-----------+-------+
[   11.264582] cloud-init[954]: ci-info: | Route | Destination | Gateway | Interface | Flags |
[   11.266289] cloud-init[954]: ci-info: +-------+-------------+---------+-----------+-------+
[   11.277517]          cloud-initStarting Login to default iSCSI targets...[954]: 
ci-info: |   0   |  fe80::/64  |    ::   |   enp0s3  |   U   |
[   11.335658] cloud-init[954]: [ci-info: |   3   |   ff00::/8  |    ::   |   enp0s3  |   U   |[0;32m  OK  [0m
] Reached target Sockets.
[[0;32m  OK  [0m] Reached target Basic System.
[   11.336373] cloud-init[954]: ci-info: +-------+-------------+---------+-----------+-------+
[[0;32m  OK  [0m] Started D-Bus System Message Bus.
[   11.361385] cloud-init[954]: Generating public/private rsa key pair.
[   11.363468] cloud-init[954]: Your identification has been saved in /etc/ssh/ssh_host_rsa_key.
[   11.386168]          Starting Login Service...
cloud-init[954]: Your public key has been saved in /etc/ssh/ssh_host_rsa_key.pub.
[   11.388193] [[0;32m  OK  [0m] Started ACPI event daemon.
         cloud-initStarting LSB: MD monitoring daemon...[954]: 
The key fingerprint is:
[   11.411541]          Starting Virtualbox guest utils...
cloud-init[954]: SHA256:2AX5pJe98e/2ytmLPRaxKldZwmglLH6AoLKXKw5P+8s root@ubuntu-xenial
[   11.452797]          Starting Snappy daemon...
cloud-init[954]: [[0;32m  OK  [0m] Started Deferred execution scheduler.
The key's randomart image is:
[   11.466091] cloud-init         Starting /etc/rc.local Compatibility...
[954]: +---[RSA 2048]----+         Starting System Logging Service...

[   11.468931] cloud-init[954]: |      ...o .     |
         Starting Pollinate to seed the pseudo random number generator...
         Starting LXD - container startup/shutdown...
[   11.471655] cloud-init[954]: |     .  o.+ o .  |
[   11.536539] [cloud-init[0;32m  OK  [0m[954]: |  . .    =.= =   |] 
Started FUSE filesystem for LXC.
[   11.536972] cloud-init[954]: |   o . o..= * o..|
[   11.549414] cloud-init[954]: |  . o . S. o + .=|
[   11.550908] cloud-init[954]: |   . .      . .= |
[   11.553003] cloud-init[954]: |. o .         o..|
[   11.561456]          Starting Accounts Service...
         Starting LSB: Record successful boot for GRUB...
cloud-init[954]: | = +       . +o=o|
[   11.591811] cloud-init[954]: |  +.E.      o.=*B|
[   11.592516] cloud-init[954]: +----[SHA256]-----+
[   11.592558] cloud-init[954]: Generating public/private dsa key pair.
[   11.592590] cloud-init[954]: Your identification has been saved in /etc/ssh/ssh_host_dsa_key.
[   11.592626] cloud-init[954]: Your public key has been saved in /etc/ssh/ssh_host_dsa_key.pub.
[   11.592657] cloud-init[954]: The key fingerprint is:
[   11.592691] cloud-init[954]: SHA256:s8CzL69/XQDryaGkc8b11+8YVqkV7MudTVR9wd10gSE root@ubuntu-xenial
[   11.592723] cloud-init[954]: The key's randomart image is:
[   11.592756] cloud-init[954]: +---[DSA 1024]----+
[   11.592789] cloud-init[954]: |           E .++X|
[   11.592820] cloud-init[954]: |          . ....B|
[   11.592851] cloud-init[954]: |           o   oo|
[   11.592882] cloud-init[954]: |     .  . + . ..o|
[   11.592913] cloud-init[954]: |      ++S= + . =o|
[   11.592946] cloud-init[954]: |      o+=o+ . *o*|
[   11.592978] cloud-init[954]: |      .+.  . +o++|
[   11.593084] cloud-init[954]: |      ..  . .. o.|
[   11.593122] cloud-init[954]: |      .=+.    ...|
[   11.593155] cloud-init[954]: +----[SHA256]-----+
[   11.593186] cloud-init[954]: Generating public/private ecdsa key pair.
[   11.593220] cloud-init[954]: Your identification has been saved in /etc/ssh/ssh_host_ecdsa_key.
[   11.593253] cloud-init[954]: Your public key has been saved in /etc/ssh/ssh_host_ecdsa_key.pub.
[   11.593284] cloud-init[954]: The key fingerprint is:
[   11.593322] cloud-init[954]: SHA256:aWqVth/zjr2Wt8ke4Na8J6oUSpMrANhijuM8Z1qOxxw root@ubuntu-xenial
[   11.593355] cloud-init[954]: The key's randomart image is:
[   11.593385] cloud-init[954]: +---[ECDSA 256]---+
[   11.593417] cloud-init[954]: |                 |
[   11.593449] cloud-init[954]: | o               |
[   11.593546] cloud-init[954]: |o.o              |
[   11.593831] cloud-init[954]: |+. .     +       |
[   11.593878] cloud-init[954]: |o.  .   S . .    |
[   11.593926] cloud-init[954]: |o. E . * = o +   |
[   11.593979] cloud-init[954]: | +o+. + + + o.+  |
[   11.594013] cloud-init[954]: |  O+ . . o Bo.o+.|
[   11.594044] cloud-init[954]: | o..      ++*=*+ |
[   11.594075] cloud-init[954]: +----[SHA256]-----+
[   11.594106] cloud-init[954]: Generating public/private ed25519 key pair.
[   11.594149] cloud-init[954]: Your identification has been saved in /etc/ssh/ssh_host_ed25519_key.
[   11.594214] cloud-init[954]: Your public key has been saved in /etc/ssh/ssh_host_ed25519_key.pub.
[   11.594254] cloud-init[954]: The key fingerprint is:
[   11.594285] cloud-init[954]: SHA256:O1ZJYsZSfR3gmXzo+7SigVpU6/ai0/OV3ukGeiat1F4 root@ubuntu-xenial
[   11.594322] cloud-init[954]: The key's randomart image is:
[   11.594382] cloud-init[954]: +--[ED25519 256]--+
[   11.594462] cloud-init[954]: |        ..  .o.. |
[   11.594499] cloud-init[954]: |       o  .o.+.  |
[   11.594528] cloud-init[954]: |      . = o.* .  |
[   11.594556] cloud-init[954]: |       + + + .   |
[   11.594584] cloud-init[954]: |        S + .    |
[   11.594613] cloud-init[954]: |       . =  .o . |
[   11.594641] cloud-init[954]: |        *.+.+.=E |
[   11.594669] cloud-init[954]: |       +.o==oO.+.|
[[   11.595111] [0;32m  OK  [0mcloud-init] [954]: Started Regular background program processing daemon.|      . .o.*Bo*o.|

[   11.595165] cloud-init[954]: +----[SHA256]-----+
[[0;32m  OK  [0m] Started System Logging Service.
[[0;32m  OK  [0m] Started Snappy daemon.
[[0;32m  OK  [0m] Started /etc/rc.local Compatibility.
[[0;32m  OK  [0m] Started LXD - container startup/shutdown.
[[0;32m  OK  [0m] Started Login to default iSCSI targets.
[[0;32m  OK  [0m] Started LSB: MD monitoring daemon.
[[0;32m  OK  [0m] Started Login Service.
[[0;32m  OK  [0m] Started LSB: Record successful boot for GRUB.
[[0;32m  OK  [0m] Started Unattended Upgrades Shutdown.
         Starting Authenticate and Authorize Users to Run Privileged Tasks...
[[0;32m  OK  [0m] Reached target Remote File Systems (Pre).
[[0;32m  OK  [0m] Reached target Remote File Systems.
         Starting LSB: automatic crash report generation...
         Starting LSB: daemon to balance interrupts for SMP systems...
         Starting Permit User Sessions...
         Starting LSB: Set the CPU Frequency Scaling governor to "ondemand"...
         Starting Wait until snapd is fully seeded...
[[0;32m  OK  [0m] Started Virtualbox guest utils.
[[0;32m  OK  [0m] Started Pollinate to seed the pseudo random number generator.
[[0;32m  OK  [0m] Started Permit User Sessions.
[[0;32m  OK  [0m] Started Authenticate and Authorize Users to Run Privileged Tasks.
[[0;32m  OK  [0m] Started Accounts Service.
[[0;32m  OK  [0m] Started LSB: automatic crash report generation.
         Starting Terminate Plymouth Boot Screen...
         Starting Hold until boot process finishes up...
         Starting OpenBSD Secure Shell server...
[[0;32m  OK  [0m] Started LSB: daemon to balance interrupts for SMP systems.
[[0;32m  OK  [0m] Started LSB: Set the CPU Frequency Scaling governor to "ondemand".
[[0;32m  OK  [0m] Started Terminate Plymouth Boot Screen.
[[0;32m  OK  [0m] Started Hold until boot process finishes up.
[[0;32m  OK  [0m] Started OpenBSD Secure Shell server.
[[0;32m  OK  [0m] Started Serial Getty on ttyS0.
         Starting Set console scheme...
[[0;32m  OK  [0m] Started Getty on tty1.
[[0;32m  OK  [0m] Reached target Login Prompts.
[[0;32m  OK  [0m] Started Set console scheme.
[[0;32m  OK  [0m] Created slice User Slice of vagrant.
         Starting User Manager for UID 1000...
[[0;32m  OK  [0m] Started Session 1 of user vagrant.
[[0;32m  OK  [0m] Started User Manager for UID 1000.
[[0;32m  OK  [0m] Started Wait until snapd is fully seeded.
         Starting Apply the settings specified in cloud-config...
[[0;32m  OK  [0m] Reached target Multi-User System.
[[0;32m  OK  [0m] Reached target Graphical Interface.
         Starting Update UTMP about System Runlevel Changes...
[[0;32m  OK  [0m] Started Update UTMP about System Runlevel Changes.
[   13.622075] cloud-init[1378]: Generating locales (this might take a while)...
[   14.254027] cloud-init[1378]:   en_US.UTF-8... done
[   14.284355] cloud-init[1378]: Generation complete.
[   14.513399] cloud-init[1378]: Cloud-init v. 19.1-1-gbaa47854-0ubuntu1~16.04.1 running 'modules:config' at Fri, 02 Aug 2019 10:52:37 +0000. Up 13.53 seconds.
[[0;32m  OK  [0m] Started Apply the settings specified in cloud-config.
         Starting Execute cloud user/final scripts...
ci-info: no authorized ssh keys fingerprints found for user ubuntu.
<14>Aug  2 10:52:39 ec2: 
<14>Aug  2 10:52:39 ec2: #############################################################
<14>Aug  2 10:52:39 ec2: -----BEGIN SSH HOST KEY FINGERPRINTS-----
<14>Aug  2 10:52:39 ec2: 1024 SHA256:s8CzL69/XQDryaGkc8b11+8YVqkV7MudTVR9wd10gSE root@ubuntu-xenial (DSA)
<14>Aug  2 10:52:39 ec2: 256 SHA256:aWqVth/zjr2Wt8ke4Na8J6oUSpMrANhijuM8Z1qOxxw root@ubuntu-xenial (ECDSA)
<14>Aug  2 10:52:39 ec2: 256 SHA256:O1ZJYsZSfR3gmXzo+7SigVpU6/ai0/OV3ukGeiat1F4 root@ubuntu-xenial (ED25519)
<14>Aug  2 10:52:39 ec2: 2048 SHA256:2AX5pJe98e/2ytmLPRaxKldZwmglLH6AoLKXKw5P+8s root@ubuntu-xenial (RSA)
<14>Aug  2 10:52:39 ec2: -----END SSH HOST KEY FINGERPRINTS-----
<14>Aug  2 10:52:39 ec2: #############################################################
-----BEGIN SSH HOST KEY KEYS-----
ecdsa-sha2-nistp256 AAAAE2VjZHNhLXNoYTItbmlzdHAyNTYAAAAIbmlzdHAyNTYAAABBBPensQrI27w4DmjrZ5I/3wtN6C62q3xJZP4CiYLrGdi0ujK1rL1SXdHYrZjO49+sCncGoEv22bmkwdv/Pc5cFYk= root@ubuntu-xenial
ssh-ed25519 AAAAC3NzaC1lZDI1NTE5AAAAIBq7a9TyX+XT/b016B+qgapUoJDL6ZqvPXmjr8E8KkkG root@ubuntu-xenial
ssh-rsa AAAAB3NzaC1yc2EAAAADAQABAAABAQC8yz88UQU7hCqJeC/510sPqp9aUHhIPeYXStw/1CPxDAXzDVG5JcAKH86FZ/WC6oQIB96dApvuLhT7o2m6NRRBQhC0C3qRMsZFz4SGGyye0Y/gNiudeJQf0vZgS7YoiL7JDB9a7rh1KCNI+thkBrjTE+ElL5neam6nMGZd0Q/4ym5CW3UxGC4L/TtJ/fPhzQAwoaF0xRD3+g6EgVB7mkRDp4jIXFTcJ35T4bfj0hBRB924LLdjDSsuc1EzrWvaWjDKqSX0LHNY1TldGsvcLs2cUFqQMO4wWrENZLvQXT4NJcRlBdzkyACWg7K1MGcuDyXkNoK+nxnZ+JaN/qMnUDmn root@ubuntu-xenial
-----END SSH HOST KEY KEYS-----
[   14.980602] cloud-init[1469]: Cloud-init v. 19.1-1-gbaa47854-0ubuntu1~16.04.1 running 'modules:final' at Fri, 02 Aug 2019 10:52:39 +0000. Up 14.82 seconds.
[   15.019449] cloud-init[1469]: ci-info: no authorized ssh keys fingerprints found for user ubuntu.
[   15.019678] cloud-init[1469]: Cloud-init v. 19.1-1-gbaa47854-0ubuntu1~16.04.1 finished at Fri, 02 Aug 2019 10:52:39 +0000. Datasource DataSourceNoCloud [seed=/dev/sdb][dsmode=net].  Up 14.97 seconds
[[0;32m  OK  [0m] Started Execute cloud user/final scripts.
[[0;32m  OK  [0m] Reached target Cloud-init target.

Ubuntu 16.04.6 LTS ubuntu-xenial ttyS0

ubuntu-xenial login: 